DEPRECATION WARNING: Object#returning has been deprecated in favor of Object#tap. (called from enable_activerecord at /Users/kbroestl/Sites/RailsPortal/vendor/plugins/will_paginate/lib/will_paginate.rb:39)
DEPRECATION WARNING: Object#returning has been deprecated in favor of Object#tap. (called from enable_activerecord at /Users/kbroestl/Sites/RailsPortal/vendor/plugins/will_paginate/lib/will_paginate.rb:39)
DEPRECATION WARNING: Object#returning has been deprecated in favor of Object#tap. (called from enable_activerecord at /Users/kbroestl/Sites/RailsPortal/vendor/plugins/will_paginate/lib/will_paginate.rb:39)
DEPRECATION WARNING: Object#returning has been deprecated in favor of Object#tap. (called from enable_activerecord at /Users/kbroestl/Sites/RailsPortal/vendor/plugins/will_paginate/lib/will_paginate.rb:39)
DEPRECATION WARNING: Object#returning has been deprecated in favor of Object#tap. (called from enable_activerecord at /Users/kbroestl/Sites/RailsPortal/vendor/plugins/will_paginate/lib/will_paginate.rb:39)
DEPRECATION WARNING: Object#returning has been deprecated in favor of Object#tap. (called from enable_activerecord at /Users/kbroestl/Sites/RailsPortal/vendor/plugins/will_paginate/lib/will_paginate.rb:39)


Started GET "/rails/info/properties" for 127.0.0.1 at Sat Mar 26 11:55:41 -0400 2011

RuntimeError (!!! Missing the mysql2 gem. Add it to your Gemfile: gem 'mysql2'):
  activerecord (3.0.4) lib/active_record/connection_adapters/mysql_adapter.rb:22:in `mysql_connection'
  activerecord (3.0.4) lib/active_record/connection_adapters/abstract/connection_pool.rb:229:in `send'
  activerecord (3.0.4) lib/active_record/connection_adapters/abstract/connection_pool.rb:229:in `new_connection'
  activerecord (3.0.4) lib/active_record/connection_adapters/abstract/connection_pool.rb:237:in `checkout_new_connection'
  activerecord (3.0.4) lib/active_record/connection_adapters/abstract/connection_pool.rb:191:in `checkout'
  activerecord (3.0.4) lib/active_record/connection_adapters/abstract/connection_pool.rb:187:in `loop'
  activerecord (3.0.4) lib/active_record/connection_adapters/abstract/connection_pool.rb:187:in `checkout'
  /System/Library/Frameworks/Ruby.framework/Versions/1.8/usr/lib/ruby/1.8/monitor.rb:242:in `synchronize'
  activerecord (3.0.4) lib/active_record/connection_adapters/abstract/connection_pool.rb:186:in `checkout'
  activerecord (3.0.4) lib/active_record/connection_adapters/abstract/connection_pool.rb:94:in `connection'
  activerecord (3.0.4) lib/active_record/connection_adapters/abstract/connection_pool.rb:317:in `retrieve_connection'
  activerecord (3.0.4) lib/active_record/connection_adapters/abstract/connection_specification.rb:97:in `retrieve_connection'
  activerecord (3.0.4) lib/active_record/connection_adapters/abstract/connection_specification.rb:89:in `connection'
  activerecord (3.0.4) lib/active_record/query_cache.rb:12:in `cache'
  activerecord (3.0.4) lib/active_record/query_cache.rb:31:in `call'
  activerecord (3.0.4) lib/active_record/connection_adapters/abstract/connection_pool.rb:354:in `call'
  actionpack (3.0.4) lib/action_dispatch/middleware/callbacks.rb:46:in `call'
  activesupport (3.0.4) lib/active_support/callbacks.rb:415:in `_run_call_callbacks'
  actionpack (3.0.4) lib/action_dispatch/middleware/callbacks.rb:44:in `call'
  rack (1.2.1) lib/rack/sendfile.rb:107:in `call'
  actionpack (3.0.4) lib/action_dispatch/middleware/remote_ip.rb:48:in `call'
  actionpack (3.0.4) lib/action_dispatch/middleware/show_exceptions.rb:47:in `call'
  railties (3.0.4) lib/rails/rack/logger.rb:13:in `call'
  rack (1.2.1) lib/rack/runtime.rb:17:in `call'
  activesupport (3.0.4) lib/active_support/cache/strategy/local_cache.rb:72:in `call'
  rack (1.2.1) lib/rack/lock.rb:11:in `call'
  rack (1.2.1) lib/rack/lock.rb:11:in `synchronize'
  rack (1.2.1) lib/rack/lock.rb:11:in `call'
  actionpack (3.0.4) lib/action_dispatch/middleware/static.rb:30:in `call'
  railties (3.0.4) lib/rails/application.rb:168:in `call'
  railties (3.0.4) lib/rails/application.rb:77:in `send'
  railties (3.0.4) lib/rails/application.rb:77:in `method_missing'
  passenger (3.0.5) lib/phusion_passenger/rack/request_handler.rb:96:in `process_request'
  passenger (3.0.5) lib/phusion_passenger/abstract_request_handler.rb:513:in `accept_and_process_next_request'
  passenger (3.0.5) lib/phusion_passenger/abstract_request_handler.rb:274:in `main_loop'
  passenger (3.0.5) lib/phusion_passenger/rack/application_spawner.rb:205:in `start_request_handler'
  passenger (3.0.5) lib/phusion_passenger/rack/application_spawner.rb:170:in `send'
  passenger (3.0.5) lib/phusion_passenger/rack/application_spawner.rb:170:in `handle_spawn_application'
  passenger (3.0.5) lib/phusion_passenger/utils.rb:479:in `safe_fork'
  passenger (3.0.5) lib/phusion_passenger/rack/application_spawner.rb:165:in `handle_spawn_application'
  passenger (3.0.5) lib/phusion_passenger/abstract_server.rb:357:in `__send__'
  passenger (3.0.5) lib/phusion_passenger/abstract_server.rb:357:in `server_main_loop'
  passenger (3.0.5) lib/phusion_passenger/abstract_server.rb:206:in `start_synchronously'
  passenger (3.0.5) lib/phusion_passenger/abstract_server.rb:180:in `start'
  passenger (3.0.5) lib/phusion_passenger/rack/application_spawner.rb:128:in `start'
  passenger (3.0.5) lib/phusion_passenger/spawn_manager.rb:253:in `spawn_rack_application'
  passenger (3.0.5) lib/phusion_passenger/abstract_server_collection.rb:132:in `lookup_or_add'
  passenger (3.0.5) lib/phusion_passenger/spawn_manager.rb:246:in `spawn_rack_application'
  passenger (3.0.5) lib/phusion_passenger/abstract_server_collection.rb:82:in `synchronize'
  passenger (3.0.5) lib/phusion_passenger/abstract_server_collection.rb:79:in `synchronize'
  passenger (3.0.5) lib/phusion_passenger/spawn_manager.rb:244:in `spawn_rack_application'
  passenger (3.0.5) lib/phusion_passenger/spawn_manager.rb:137:in `spawn_application'
  passenger (3.0.5) lib/phusion_passenger/spawn_manager.rb:275:in `handle_spawn_application'
  passenger (3.0.5) lib/phusion_passenger/abstract_server.rb:357:in `__send__'
  passenger (3.0.5) lib/phusion_passenger/abstract_server.rb:357:in `server_main_loop'
  passenger (3.0.5) lib/phusion_passenger/abstract_server.rb:206:in `start_synchronously'
  passenger (3.0.5) helper-scripts/passenger-spawn-server:99

Rendered /Library/Ruby/Gems/1.8/gems/actionpack-3.0.4/lib/action_dispatch/middleware/templates/rescues/_trace.erb (1.6ms)
Rendered /Library/Ruby/Gems/1.8/gems/actionpack-3.0.4/lib/action_dispatch/middleware/templates/rescues/_request_and_response.erb (16.5ms)
Rendered /Library/Ruby/Gems/1.8/gems/actionpack-3.0.4/lib/action_dispatch/middleware/templates/rescues/diagnostics.erb within rescues/layout (191.2ms)
DEPRECATION WARNING: Object#returning has been deprecated in favor of Object#tap. (called from enable_activerecord at /Users/kbroestl/Sites/RailsPortal/vendor/plugins/will_paginate/lib/will_paginate.rb:39)


Started GET "/rails/info/properties" for 127.0.0.1 at Sat Mar 26 11:56:24 -0400 2011

RuntimeError (!!! Missing the mysql2 gem. Add it to your Gemfile: gem 'mysql2'):
  activerecord (3.0.4) lib/active_record/connection_adapters/mysql_adapter.rb:22:in `mysql_connection'
  activerecord (3.0.4) lib/active_record/connection_adapters/abstract/connection_pool.rb:229:in `send'
  activerecord (3.0.4) lib/active_record/connection_adapters/abstract/connection_pool.rb:229:in `new_connection'
  activerecord (3.0.4) lib/active_record/connection_adapters/abstract/connection_pool.rb:237:in `checkout_new_connection'
  activerecord (3.0.4) lib/active_record/connection_adapters/abstract/connection_pool.rb:191:in `checkout'
  activerecord (3.0.4) lib/active_record/connection_adapters/abstract/connection_pool.rb:187:in `loop'
  activerecord (3.0.4) lib/active_record/connection_adapters/abstract/connection_pool.rb:187:in `checkout'
  /System/Library/Frameworks/Ruby.framework/Versions/1.8/usr/lib/ruby/1.8/monitor.rb:242:in `synchronize'
  activerecord (3.0.4) lib/active_record/connection_adapters/abstract/connection_pool.rb:186:in `checkout'
  activerecord (3.0.4) lib/active_record/connection_adapters/abstract/connection_pool.rb:94:in `connection'
  activerecord (3.0.4) lib/active_record/connection_adapters/abstract/connection_pool.rb:317:in `retrieve_connection'
  activerecord (3.0.4) lib/active_record/connection_adapters/abstract/connection_specification.rb:97:in `retrieve_connection'
  activerecord (3.0.4) lib/active_record/connection_adapters/abstract/connection_specification.rb:89:in `connection'
  activerecord (3.0.4) lib/active_record/query_cache.rb:12:in `cache'
  activerecord (3.0.4) lib/active_record/query_cache.rb:31:in `call'
  activerecord (3.0.4) lib/active_record/connection_adapters/abstract/connection_pool.rb:354:in `call'
  actionpack (3.0.4) lib/action_dispatch/middleware/callbacks.rb:46:in `call'
  activesupport (3.0.4) lib/active_support/callbacks.rb:415:in `_run_call_callbacks'
  actionpack (3.0.4) lib/action_dispatch/middleware/callbacks.rb:44:in `call'
  rack (1.2.1) lib/rack/sendfile.rb:107:in `call'
  actionpack (3.0.4) lib/action_dispatch/middleware/remote_ip.rb:48:in `call'
  actionpack (3.0.4) lib/action_dispatch/middleware/show_exceptions.rb:47:in `call'
  railties (3.0.4) lib/rails/rack/logger.rb:13:in `call'
  rack (1.2.1) lib/rack/runtime.rb:17:in `call'
  activesupport (3.0.4) lib/active_support/cache/strategy/local_cache.rb:72:in `call'
  rack (1.2.1) lib/rack/lock.rb:11:in `call'
  rack (1.2.1) lib/rack/lock.rb:11:in `synchronize'
  rack (1.2.1) lib/rack/lock.rb:11:in `call'
  actionpack (3.0.4) lib/action_dispatch/middleware/static.rb:30:in `call'
  railties (3.0.4) lib/rails/application.rb:168:in `call'
  railties (3.0.4) lib/rails/application.rb:77:in `send'
  railties (3.0.4) lib/rails/application.rb:77:in `method_missing'
  passenger (3.0.5) lib/phusion_passenger/rack/request_handler.rb:96:in `process_request'
  passenger (3.0.5) lib/phusion_passenger/abstract_request_handler.rb:513:in `accept_and_process_next_request'
  passenger (3.0.5) lib/phusion_passenger/abstract_request_handler.rb:274:in `main_loop'
  passenger (3.0.5) lib/phusion_passenger/rack/application_spawner.rb:205:in `start_request_handler'
  passenger (3.0.5) lib/phusion_passenger/rack/application_spawner.rb:170:in `send'
  passenger (3.0.5) lib/phusion_passenger/rack/application_spawner.rb:170:in `handle_spawn_application'
  passenger (3.0.5) lib/phusion_passenger/utils.rb:479:in `safe_fork'
  passenger (3.0.5) lib/phusion_passenger/rack/application_spawner.rb:165:in `handle_spawn_application'
  passenger (3.0.5) lib/phusion_passenger/abstract_server.rb:357:in `__send__'
  passenger (3.0.5) lib/phusion_passenger/abstract_server.rb:357:in `server_main_loop'
  passenger (3.0.5) lib/phusion_passenger/abstract_server.rb:206:in `start_synchronously'
  passenger (3.0.5) lib/phusion_passenger/abstract_server.rb:180:in `start'
  passenger (3.0.5) lib/phusion_passenger/rack/application_spawner.rb:128:in `start'
  passenger (3.0.5) lib/phusion_passenger/spawn_manager.rb:253:in `spawn_rack_application'
  passenger (3.0.5) lib/phusion_passenger/abstract_server_collection.rb:132:in `lookup_or_add'
  passenger (3.0.5) lib/phusion_passenger/spawn_manager.rb:246:in `spawn_rack_application'
  passenger (3.0.5) lib/phusion_passenger/abstract_server_collection.rb:82:in `synchronize'
  passenger (3.0.5) lib/phusion_passenger/abstract_server_collection.rb:79:in `synchronize'
  passenger (3.0.5) lib/phusion_passenger/spawn_manager.rb:244:in `spawn_rack_application'
  passenger (3.0.5) lib/phusion_passenger/spawn_manager.rb:137:in `spawn_application'
  passenger (3.0.5) lib/phusion_passenger/spawn_manager.rb:275:in `handle_spawn_application'
  passenger (3.0.5) lib/phusion_passenger/abstract_server.rb:357:in `__send__'
  passenger (3.0.5) lib/phusion_passenger/abstract_server.rb:357:in `server_main_loop'
  passenger (3.0.5) lib/phusion_passenger/abstract_server.rb:206:in `start_synchronously'
  passenger (3.0.5) helper-scripts/passenger-spawn-server:99

Rendered /Library/Ruby/Gems/1.8/gems/actionpack-3.0.4/lib/action_dispatch/middleware/templates/rescues/_trace.erb (1.0ms)
Rendered /Library/Ruby/Gems/1.8/gems/actionpack-3.0.4/lib/action_dispatch/middleware/templates/rescues/_request_and_response.erb (2.3ms)
Rendered /Library/Ruby/Gems/1.8/gems/actionpack-3.0.4/lib/action_dispatch/middleware/templates/rescues/diagnostics.erb within rescues/layout (8.5ms)


Started GET "/books/" for 127.0.0.1 at Sat Mar 26 11:56:57 -0400 2011

RuntimeError (!!! Missing the mysql2 gem. Add it to your Gemfile: gem 'mysql2'):
  activerecord (3.0.4) lib/active_record/connection_adapters/mysql_adapter.rb:22:in `mysql_connection'
  activerecord (3.0.4) lib/active_record/connection_adapters/abstract/connection_pool.rb:229:in `send'
  activerecord (3.0.4) lib/active_record/connection_adapters/abstract/connection_pool.rb:229:in `new_connection'
  activerecord (3.0.4) lib/active_record/connection_adapters/abstract/connection_pool.rb:237:in `checkout_new_connection'
  activerecord (3.0.4) lib/active_record/connection_adapters/abstract/connection_pool.rb:191:in `checkout'
  activerecord (3.0.4) lib/active_record/connection_adapters/abstract/connection_pool.rb:187:in `loop'
  activerecord (3.0.4) lib/active_record/connection_adapters/abstract/connection_pool.rb:187:in `checkout'
  /System/Library/Frameworks/Ruby.framework/Versions/1.8/usr/lib/ruby/1.8/monitor.rb:242:in `synchronize'
  activerecord (3.0.4) lib/active_record/connection_adapters/abstract/connection_pool.rb:186:in `checkout'
  activerecord (3.0.4) lib/active_record/connection_adapters/abstract/connection_pool.rb:94:in `connection'
  activerecord (3.0.4) lib/active_record/connection_adapters/abstract/connection_pool.rb:317:in `retrieve_connection'
  activerecord (3.0.4) lib/active_record/connection_adapters/abstract/connection_specification.rb:97:in `retrieve_connection'
  activerecord (3.0.4) lib/active_record/connection_adapters/abstract/connection_specification.rb:89:in `connection'
  activerecord (3.0.4) lib/active_record/query_cache.rb:12:in `cache'
  activerecord (3.0.4) lib/active_record/query_cache.rb:31:in `call'
  activerecord (3.0.4) lib/active_record/connection_adapters/abstract/connection_pool.rb:354:in `call'
  actionpack (3.0.4) lib/action_dispatch/middleware/callbacks.rb:46:in `call'
  activesupport (3.0.4) lib/active_support/callbacks.rb:415:in `_run_call_callbacks'
  actionpack (3.0.4) lib/action_dispatch/middleware/callbacks.rb:44:in `call'
  rack (1.2.1) lib/rack/sendfile.rb:107:in `call'
  actionpack (3.0.4) lib/action_dispatch/middleware/remote_ip.rb:48:in `call'
  actionpack (3.0.4) lib/action_dispatch/middleware/show_exceptions.rb:47:in `call'
  railties (3.0.4) lib/rails/rack/logger.rb:13:in `call'
  rack (1.2.1) lib/rack/runtime.rb:17:in `call'
  activesupport (3.0.4) lib/active_support/cache/strategy/local_cache.rb:72:in `call'
  rack (1.2.1) lib/rack/lock.rb:11:in `call'
  rack (1.2.1) lib/rack/lock.rb:11:in `synchronize'
  rack (1.2.1) lib/rack/lock.rb:11:in `call'
  actionpack (3.0.4) lib/action_dispatch/middleware/static.rb:30:in `call'
  railties (3.0.4) lib/rails/application.rb:168:in `call'
  railties (3.0.4) lib/rails/application.rb:77:in `send'
  railties (3.0.4) lib/rails/application.rb:77:in `method_missing'
  passenger (3.0.5) lib/phusion_passenger/rack/request_handler.rb:96:in `process_request'
  passenger (3.0.5) lib/phusion_passenger/abstract_request_handler.rb:513:in `accept_and_process_next_request'
  passenger (3.0.5) lib/phusion_passenger/abstract_request_handler.rb:274:in `main_loop'
  passenger (3.0.5) lib/phusion_passenger/rack/application_spawner.rb:205:in `start_request_handler'
  passenger (3.0.5) lib/phusion_passenger/rack/application_spawner.rb:170:in `send'
  passenger (3.0.5) lib/phusion_passenger/rack/application_spawner.rb:170:in `handle_spawn_application'
  passenger (3.0.5) lib/phusion_passenger/utils.rb:479:in `safe_fork'
  passenger (3.0.5) lib/phusion_passenger/rack/application_spawner.rb:165:in `handle_spawn_application'
  passenger (3.0.5) lib/phusion_passenger/abstract_server.rb:357:in `__send__'
  passenger (3.0.5) lib/phusion_passenger/abstract_server.rb:357:in `server_main_loop'
  passenger (3.0.5) lib/phusion_passenger/abstract_server.rb:206:in `start_synchronously'
  passenger (3.0.5) lib/phusion_passenger/abstract_server.rb:180:in `start'
  passenger (3.0.5) lib/phusion_passenger/rack/application_spawner.rb:128:in `start'
  passenger (3.0.5) lib/phusion_passenger/spawn_manager.rb:253:in `spawn_rack_application'
  passenger (3.0.5) lib/phusion_passenger/abstract_server_collection.rb:132:in `lookup_or_add'
  passenger (3.0.5) lib/phusion_passenger/spawn_manager.rb:246:in `spawn_rack_application'
  passenger (3.0.5) lib/phusion_passenger/abstract_server_collection.rb:82:in `synchronize'
  passenger (3.0.5) lib/phusion_passenger/abstract_server_collection.rb:79:in `synchronize'
  passenger (3.0.5) lib/phusion_passenger/spawn_manager.rb:244:in `spawn_rack_application'
  passenger (3.0.5) lib/phusion_passenger/spawn_manager.rb:137:in `spawn_application'
  passenger (3.0.5) lib/phusion_passenger/spawn_manager.rb:275:in `handle_spawn_application'
  passenger (3.0.5) lib/phusion_passenger/abstract_server.rb:357:in `__send__'
  passenger (3.0.5) lib/phusion_passenger/abstract_server.rb:357:in `server_main_loop'
  passenger (3.0.5) lib/phusion_passenger/abstract_server.rb:206:in `start_synchronously'
  passenger (3.0.5) helper-scripts/passenger-spawn-server:99

Rendered /Library/Ruby/Gems/1.8/gems/actionpack-3.0.4/lib/action_dispatch/middleware/templates/rescues/_trace.erb (1.0ms)
Rendered /Library/Ruby/Gems/1.8/gems/actionpack-3.0.4/lib/action_dispatch/middleware/templates/rescues/_request_and_response.erb (1.5ms)
Rendered /Library/Ruby/Gems/1.8/gems/actionpack-3.0.4/lib/action_dispatch/middleware/templates/rescues/diagnostics.erb within rescues/layout (7.1ms)
DEPRECATION WARNING: Object#returning has been deprecated in favor of Object#tap. (called from enable_activerecord at /Users/kbroestl/Sites/RailsPortal/vendor/plugins/will_paginate/lib/will_paginate.rb:39)


Started GET "/books/" for 127.0.0.1 at Sat Mar 26 11:57:46 -0400 2011

RuntimeError (!!! Missing the mysql2 gem. Add it to your Gemfile: gem 'mysql2'):
  activerecord (3.0.4) lib/active_record/connection_adapters/mysql_adapter.rb:22:in `mysql_connection'
  activerecord (3.0.4) lib/active_record/connection_adapters/abstract/connection_pool.rb:229:in `send'
  activerecord (3.0.4) lib/active_record/connection_adapters/abstract/connection_pool.rb:229:in `new_connection'
  activerecord (3.0.4) lib/active_record/connection_adapters/abstract/connection_pool.rb:237:in `checkout_new_connection'
  activerecord (3.0.4) lib/active_record/connection_adapters/abstract/connection_pool.rb:191:in `checkout'
  activerecord (3.0.4) lib/active_record/connection_adapters/abstract/connection_pool.rb:187:in `loop'
  activerecord (3.0.4) lib/active_record/connection_adapters/abstract/connection_pool.rb:187:in `checkout'
  /System/Library/Frameworks/Ruby.framework/Versions/1.8/usr/lib/ruby/1.8/monitor.rb:242:in `synchronize'
  activerecord (3.0.4) lib/active_record/connection_adapters/abstract/connection_pool.rb:186:in `checkout'
  activerecord (3.0.4) lib/active_record/connection_adapters/abstract/connection_pool.rb:94:in `connection'
  activerecord (3.0.4) lib/active_record/connection_adapters/abstract/connection_pool.rb:317:in `retrieve_connection'
  activerecord (3.0.4) lib/active_record/connection_adapters/abstract/connection_specification.rb:97:in `retrieve_connection'
  activerecord (3.0.4) lib/active_record/connection_adapters/abstract/connection_specification.rb:89:in `connection'
  activerecord (3.0.4) lib/active_record/query_cache.rb:12:in `cache'
  activerecord (3.0.4) lib/active_record/query_cache.rb:31:in `call'
  activerecord (3.0.4) lib/active_record/connection_adapters/abstract/connection_pool.rb:354:in `call'
  actionpack (3.0.4) lib/action_dispatch/middleware/callbacks.rb:46:in `call'
  activesupport (3.0.4) lib/active_support/callbacks.rb:415:in `_run_call_callbacks'
  actionpack (3.0.4) lib/action_dispatch/middleware/callbacks.rb:44:in `call'
  rack (1.2.1) lib/rack/sendfile.rb:107:in `call'
  actionpack (3.0.4) lib/action_dispatch/middleware/remote_ip.rb:48:in `call'
  actionpack (3.0.4) lib/action_dispatch/middleware/show_exceptions.rb:47:in `call'
  railties (3.0.4) lib/rails/rack/logger.rb:13:in `call'
  rack (1.2.1) lib/rack/runtime.rb:17:in `call'
  activesupport (3.0.4) lib/active_support/cache/strategy/local_cache.rb:72:in `call'
  rack (1.2.1) lib/rack/lock.rb:11:in `call'
  rack (1.2.1) lib/rack/lock.rb:11:in `synchronize'
  rack (1.2.1) lib/rack/lock.rb:11:in `call'
  actionpack (3.0.4) lib/action_dispatch/middleware/static.rb:30:in `call'
  railties (3.0.4) lib/rails/application.rb:168:in `call'
  railties (3.0.4) lib/rails/application.rb:77:in `send'
  railties (3.0.4) lib/rails/application.rb:77:in `method_missing'
  passenger (3.0.5) lib/phusion_passenger/rack/request_handler.rb:96:in `process_request'
  passenger (3.0.5) lib/phusion_passenger/abstract_request_handler.rb:513:in `accept_and_process_next_request'
  passenger (3.0.5) lib/phusion_passenger/abstract_request_handler.rb:274:in `main_loop'
  passenger (3.0.5) lib/phusion_passenger/rack/application_spawner.rb:205:in `start_request_handler'
  passenger (3.0.5) lib/phusion_passenger/rack/application_spawner.rb:170:in `send'
  passenger (3.0.5) lib/phusion_passenger/rack/application_spawner.rb:170:in `handle_spawn_application'
  passenger (3.0.5) lib/phusion_passenger/utils.rb:479:in `safe_fork'
  passenger (3.0.5) lib/phusion_passenger/rack/application_spawner.rb:165:in `handle_spawn_application'
  passenger (3.0.5) lib/phusion_passenger/abstract_server.rb:357:in `__send__'
  passenger (3.0.5) lib/phusion_passenger/abstract_server.rb:357:in `server_main_loop'
  passenger (3.0.5) lib/phusion_passenger/abstract_server.rb:206:in `start_synchronously'
  passenger (3.0.5) lib/phusion_passenger/abstract_server.rb:180:in `start'
  passenger (3.0.5) lib/phusion_passenger/rack/application_spawner.rb:128:in `start'
  passenger (3.0.5) lib/phusion_passenger/spawn_manager.rb:253:in `spawn_rack_application'
  passenger (3.0.5) lib/phusion_passenger/abstract_server_collection.rb:132:in `lookup_or_add'
  passenger (3.0.5) lib/phusion_passenger/spawn_manager.rb:246:in `spawn_rack_application'
  passenger (3.0.5) lib/phusion_passenger/abstract_server_collection.rb:82:in `synchronize'
  passenger (3.0.5) lib/phusion_passenger/abstract_server_collection.rb:79:in `synchronize'
  passenger (3.0.5) lib/phusion_passenger/spawn_manager.rb:244:in `spawn_rack_application'
  passenger (3.0.5) lib/phusion_passenger/spawn_manager.rb:137:in `spawn_application'
  passenger (3.0.5) lib/phusion_passenger/spawn_manager.rb:275:in `handle_spawn_application'
  passenger (3.0.5) lib/phusion_passenger/abstract_server.rb:357:in `__send__'
  passenger (3.0.5) lib/phusion_passenger/abstract_server.rb:357:in `server_main_loop'
  passenger (3.0.5) lib/phusion_passenger/abstract_server.rb:206:in `start_synchronously'
  passenger (3.0.5) helper-scripts/passenger-spawn-server:99

Rendered /Library/Ruby/Gems/1.8/gems/actionpack-3.0.4/lib/action_dispatch/middleware/templates/rescues/_trace.erb (1.0ms)
Rendered /Library/Ruby/Gems/1.8/gems/actionpack-3.0.4/lib/action_dispatch/middleware/templates/rescues/_request_and_response.erb (2.3ms)
Rendered /Library/Ruby/Gems/1.8/gems/actionpack-3.0.4/lib/action_dispatch/middleware/templates/rescues/diagnostics.erb within rescues/layout (8.4ms)
DEPRECATION WARNING: Object#returning has been deprecated in favor of Object#tap. (called from enable_activerecord at /Users/kbroestl/Sites/RailsPortal/vendor/plugins/will_paginate/lib/will_paginate.rb:39)


Started GET "/books/" for 127.0.0.1 at Sat Mar 26 12:01:25 -0400 2011

RuntimeError (!!! Missing the mysql2 gem. Add it to your Gemfile: gem 'mysql2'):
  activerecord (3.0.4) lib/active_record/connection_adapters/mysql_adapter.rb:22:in `mysql_connection'
  activerecord (3.0.4) lib/active_record/connection_adapters/abstract/connection_pool.rb:229:in `send'
  activerecord (3.0.4) lib/active_record/connection_adapters/abstract/connection_pool.rb:229:in `new_connection'
  activerecord (3.0.4) lib/active_record/connection_adapters/abstract/connection_pool.rb:237:in `checkout_new_connection'
  activerecord (3.0.4) lib/active_record/connection_adapters/abstract/connection_pool.rb:191:in `checkout'
  activerecord (3.0.4) lib/active_record/connection_adapters/abstract/connection_pool.rb:187:in `loop'
  activerecord (3.0.4) lib/active_record/connection_adapters/abstract/connection_pool.rb:187:in `checkout'
  /System/Library/Frameworks/Ruby.framework/Versions/1.8/usr/lib/ruby/1.8/monitor.rb:242:in `synchronize'
  activerecord (3.0.4) lib/active_record/connection_adapters/abstract/connection_pool.rb:186:in `checkout'
  activerecord (3.0.4) lib/active_record/connection_adapters/abstract/connection_pool.rb:94:in `connection'
  activerecord (3.0.4) lib/active_record/connection_adapters/abstract/connection_pool.rb:317:in `retrieve_connection'
  activerecord (3.0.4) lib/active_record/connection_adapters/abstract/connection_specification.rb:97:in `retrieve_connection'
  activerecord (3.0.4) lib/active_record/connection_adapters/abstract/connection_specification.rb:89:in `connection'
  activerecord (3.0.4) lib/active_record/query_cache.rb:12:in `cache'
  activerecord (3.0.4) lib/active_record/query_cache.rb:31:in `call'
  activerecord (3.0.4) lib/active_record/connection_adapters/abstract/connection_pool.rb:354:in `call'
  actionpack (3.0.4) lib/action_dispatch/middleware/callbacks.rb:46:in `call'
  activesupport (3.0.4) lib/active_support/callbacks.rb:415:in `_run_call_callbacks'
  actionpack (3.0.4) lib/action_dispatch/middleware/callbacks.rb:44:in `call'
  rack (1.2.1) lib/rack/sendfile.rb:107:in `call'
  actionpack (3.0.4) lib/action_dispatch/middleware/remote_ip.rb:48:in `call'
  actionpack (3.0.4) lib/action_dispatch/middleware/show_exceptions.rb:47:in `call'
  railties (3.0.4) lib/rails/rack/logger.rb:13:in `call'
  rack (1.2.1) lib/rack/runtime.rb:17:in `call'
  activesupport (3.0.4) lib/active_support/cache/strategy/local_cache.rb:72:in `call'
  rack (1.2.1) lib/rack/lock.rb:11:in `call'
  rack (1.2.1) lib/rack/lock.rb:11:in `synchronize'
  rack (1.2.1) lib/rack/lock.rb:11:in `call'
  actionpack (3.0.4) lib/action_dispatch/middleware/static.rb:30:in `call'
  railties (3.0.4) lib/rails/application.rb:168:in `call'
  railties (3.0.4) lib/rails/application.rb:77:in `send'
  railties (3.0.4) lib/rails/application.rb:77:in `method_missing'
  passenger (3.0.5) lib/phusion_passenger/rack/request_handler.rb:96:in `process_request'
  passenger (3.0.5) lib/phusion_passenger/abstract_request_handler.rb:513:in `accept_and_process_next_request'
  passenger (3.0.5) lib/phusion_passenger/abstract_request_handler.rb:274:in `main_loop'
  passenger (3.0.5) lib/phusion_passenger/rack/application_spawner.rb:205:in `start_request_handler'
  passenger (3.0.5) lib/phusion_passenger/rack/application_spawner.rb:170:in `send'
  passenger (3.0.5) lib/phusion_passenger/rack/application_spawner.rb:170:in `handle_spawn_application'
  passenger (3.0.5) lib/phusion_passenger/utils.rb:479:in `safe_fork'
  passenger (3.0.5) lib/phusion_passenger/rack/application_spawner.rb:165:in `handle_spawn_application'
  passenger (3.0.5) lib/phusion_passenger/abstract_server.rb:357:in `__send__'
  passenger (3.0.5) lib/phusion_passenger/abstract_server.rb:357:in `server_main_loop'
  passenger (3.0.5) lib/phusion_passenger/abstract_server.rb:206:in `start_synchronously'
  passenger (3.0.5) lib/phusion_passenger/abstract_server.rb:180:in `start'
  passenger (3.0.5) lib/phusion_passenger/rack/application_spawner.rb:128:in `start'
  passenger (3.0.5) lib/phusion_passenger/spawn_manager.rb:253:in `spawn_rack_application'
  passenger (3.0.5) lib/phusion_passenger/abstract_server_collection.rb:132:in `lookup_or_add'
  passenger (3.0.5) lib/phusion_passenger/spawn_manager.rb:246:in `spawn_rack_application'
  passenger (3.0.5) lib/phusion_passenger/abstract_server_collection.rb:82:in `synchronize'
  passenger (3.0.5) lib/phusion_passenger/abstract_server_collection.rb:79:in `synchronize'
  passenger (3.0.5) lib/phusion_passenger/spawn_manager.rb:244:in `spawn_rack_application'
  passenger (3.0.5) lib/phusion_passenger/spawn_manager.rb:137:in `spawn_application'
  passenger (3.0.5) lib/phusion_passenger/spawn_manager.rb:275:in `handle_spawn_application'
  passenger (3.0.5) lib/phusion_passenger/abstract_server.rb:357:in `__send__'
  passenger (3.0.5) lib/phusion_passenger/abstract_server.rb:357:in `server_main_loop'
  passenger (3.0.5) lib/phusion_passenger/abstract_server.rb:206:in `start_synchronously'
  passenger (3.0.5) helper-scripts/passenger-spawn-server:99

Rendered /Library/Ruby/Gems/1.8/gems/actionpack-3.0.4/lib/action_dispatch/middleware/templates/rescues/_trace.erb (1.0ms)
Rendered /Library/Ruby/Gems/1.8/gems/actionpack-3.0.4/lib/action_dispatch/middleware/templates/rescues/_request_and_response.erb (2.3ms)
Rendered /Library/Ruby/Gems/1.8/gems/actionpack-3.0.4/lib/action_dispatch/middleware/templates/rescues/diagnostics.erb within rescues/layout (8.5ms)


Started GET "/books/" for 127.0.0.1 at Sat Mar 26 12:02:37 -0400 2011

RuntimeError (!!! Missing the mysql2 gem. Add it to your Gemfile: gem 'mysql2'):
  activerecord (3.0.4) lib/active_record/connection_adapters/mysql_adapter.rb:22:in `mysql_connection'
  activerecord (3.0.4) lib/active_record/connection_adapters/abstract/connection_pool.rb:229:in `send'
  activerecord (3.0.4) lib/active_record/connection_adapters/abstract/connection_pool.rb:229:in `new_connection'
  activerecord (3.0.4) lib/active_record/connection_adapters/abstract/connection_pool.rb:237:in `checkout_new_connection'
  activerecord (3.0.4) lib/active_record/connection_adapters/abstract/connection_pool.rb:191:in `checkout'
  activerecord (3.0.4) lib/active_record/connection_adapters/abstract/connection_pool.rb:187:in `loop'
  activerecord (3.0.4) lib/active_record/connection_adapters/abstract/connection_pool.rb:187:in `checkout'
  /System/Library/Frameworks/Ruby.framework/Versions/1.8/usr/lib/ruby/1.8/monitor.rb:242:in `synchronize'
  activerecord (3.0.4) lib/active_record/connection_adapters/abstract/connection_pool.rb:186:in `checkout'
  activerecord (3.0.4) lib/active_record/connection_adapters/abstract/connection_pool.rb:94:in `connection'
  activerecord (3.0.4) lib/active_record/connection_adapters/abstract/connection_pool.rb:317:in `retrieve_connection'
  activerecord (3.0.4) lib/active_record/connection_adapters/abstract/connection_specification.rb:97:in `retrieve_connection'
  activerecord (3.0.4) lib/active_record/connection_adapters/abstract/connection_specification.rb:89:in `connection'
  activerecord (3.0.4) lib/active_record/query_cache.rb:12:in `cache'
  activerecord (3.0.4) lib/active_record/query_cache.rb:31:in `call'
  activerecord (3.0.4) lib/active_record/connection_adapters/abstract/connection_pool.rb:354:in `call'
  actionpack (3.0.4) lib/action_dispatch/middleware/callbacks.rb:46:in `call'
  activesupport (3.0.4) lib/active_support/callbacks.rb:415:in `_run_call_callbacks'
  actionpack (3.0.4) lib/action_dispatch/middleware/callbacks.rb:44:in `call'
  rack (1.2.1) lib/rack/sendfile.rb:107:in `call'
  actionpack (3.0.4) lib/action_dispatch/middleware/remote_ip.rb:48:in `call'
  actionpack (3.0.4) lib/action_dispatch/middleware/show_exceptions.rb:47:in `call'
  railties (3.0.4) lib/rails/rack/logger.rb:13:in `call'
  rack (1.2.1) lib/rack/runtime.rb:17:in `call'
  activesupport (3.0.4) lib/active_support/cache/strategy/local_cache.rb:72:in `call'
  rack (1.2.1) lib/rack/lock.rb:11:in `call'
  rack (1.2.1) lib/rack/lock.rb:11:in `synchronize'
  rack (1.2.1) lib/rack/lock.rb:11:in `call'
  actionpack (3.0.4) lib/action_dispatch/middleware/static.rb:30:in `call'
  railties (3.0.4) lib/rails/application.rb:168:in `call'
  railties (3.0.4) lib/rails/application.rb:77:in `send'
  railties (3.0.4) lib/rails/application.rb:77:in `method_missing'
  passenger (3.0.5) lib/phusion_passenger/rack/request_handler.rb:96:in `process_request'
  passenger (3.0.5) lib/phusion_passenger/abstract_request_handler.rb:513:in `accept_and_process_next_request'
  passenger (3.0.5) lib/phusion_passenger/abstract_request_handler.rb:274:in `main_loop'
  passenger (3.0.5) lib/phusion_passenger/rack/application_spawner.rb:205:in `start_request_handler'
  passenger (3.0.5) lib/phusion_passenger/rack/application_spawner.rb:170:in `send'
  passenger (3.0.5) lib/phusion_passenger/rack/application_spawner.rb:170:in `handle_spawn_application'
  passenger (3.0.5) lib/phusion_passenger/utils.rb:479:in `safe_fork'
  passenger (3.0.5) lib/phusion_passenger/rack/application_spawner.rb:165:in `handle_spawn_application'
  passenger (3.0.5) lib/phusion_passenger/abstract_server.rb:357:in `__send__'
  passenger (3.0.5) lib/phusion_passenger/abstract_server.rb:357:in `server_main_loop'
  passenger (3.0.5) lib/phusion_passenger/abstract_server.rb:206:in `start_synchronously'
  passenger (3.0.5) lib/phusion_passenger/abstract_server.rb:180:in `start'
  passenger (3.0.5) lib/phusion_passenger/rack/application_spawner.rb:128:in `start'
  passenger (3.0.5) lib/phusion_passenger/spawn_manager.rb:253:in `spawn_rack_application'
  passenger (3.0.5) lib/phusion_passenger/abstract_server_collection.rb:132:in `lookup_or_add'
  passenger (3.0.5) lib/phusion_passenger/spawn_manager.rb:246:in `spawn_rack_application'
  passenger (3.0.5) lib/phusion_passenger/abstract_server_collection.rb:82:in `synchronize'
  passenger (3.0.5) lib/phusion_passenger/abstract_server_collection.rb:79:in `synchronize'
  passenger (3.0.5) lib/phusion_passenger/spawn_manager.rb:244:in `spawn_rack_application'
  passenger (3.0.5) lib/phusion_passenger/spawn_manager.rb:137:in `spawn_application'
  passenger (3.0.5) lib/phusion_passenger/spawn_manager.rb:275:in `handle_spawn_application'
  passenger (3.0.5) lib/phusion_passenger/abstract_server.rb:357:in `__send__'
  passenger (3.0.5) lib/phusion_passenger/abstract_server.rb:357:in `server_main_loop'
  passenger (3.0.5) lib/phusion_passenger/abstract_server.rb:206:in `start_synchronously'
  passenger (3.0.5) helper-scripts/passenger-spawn-server:99

Rendered /Library/Ruby/Gems/1.8/gems/actionpack-3.0.4/lib/action_dispatch/middleware/templates/rescues/_trace.erb (1.0ms)
Rendered /Library/Ruby/Gems/1.8/gems/actionpack-3.0.4/lib/action_dispatch/middleware/templates/rescues/_request_and_response.erb (1.5ms)
Rendered /Library/Ruby/Gems/1.8/gems/actionpack-3.0.4/lib/action_dispatch/middleware/templates/rescues/diagnostics.erb within rescues/layout (6.9ms)
DEPRECATION WARNING: Object#returning has been deprecated in favor of Object#tap. (called from enable_activerecord at /Users/kbroestl/Sites/RailsPortal/vendor/plugins/will_paginate/lib/will_paginate.rb:39)


Started GET "/books/" for 127.0.0.1 at Sat Mar 26 12:02:50 -0400 2011

RuntimeError (!!! Missing the mysql2 gem. Add it to your Gemfile: gem 'mysql2'):
  activerecord (3.0.4) lib/active_record/connection_adapters/mysql_adapter.rb:22:in `mysql_connection'
  activerecord (3.0.4) lib/active_record/connection_adapters/abstract/connection_pool.rb:229:in `send'
  activerecord (3.0.4) lib/active_record/connection_adapters/abstract/connection_pool.rb:229:in `new_connection'
  activerecord (3.0.4) lib/active_record/connection_adapters/abstract/connection_pool.rb:237:in `checkout_new_connection'
  activerecord (3.0.4) lib/active_record/connection_adapters/abstract/connection_pool.rb:191:in `checkout'
  activerecord (3.0.4) lib/active_record/connection_adapters/abstract/connection_pool.rb:187:in `loop'
  activerecord (3.0.4) lib/active_record/connection_adapters/abstract/connection_pool.rb:187:in `checkout'
  /System/Library/Frameworks/Ruby.framework/Versions/1.8/usr/lib/ruby/1.8/monitor.rb:242:in `synchronize'
  activerecord (3.0.4) lib/active_record/connection_adapters/abstract/connection_pool.rb:186:in `checkout'
  activerecord (3.0.4) lib/active_record/connection_adapters/abstract/connection_pool.rb:94:in `connection'
  activerecord (3.0.4) lib/active_record/connection_adapters/abstract/connection_pool.rb:317:in `retrieve_connection'
  activerecord (3.0.4) lib/active_record/connection_adapters/abstract/connection_specification.rb:97:in `retrieve_connection'
  activerecord (3.0.4) lib/active_record/connection_adapters/abstract/connection_specification.rb:89:in `connection'
  activerecord (3.0.4) lib/active_record/query_cache.rb:12:in `cache'
  activerecord (3.0.4) lib/active_record/query_cache.rb:31:in `call'
  activerecord (3.0.4) lib/active_record/connection_adapters/abstract/connection_pool.rb:354:in `call'
  actionpack (3.0.4) lib/action_dispatch/middleware/callbacks.rb:46:in `call'
  activesupport (3.0.4) lib/active_support/callbacks.rb:415:in `_run_call_callbacks'
  actionpack (3.0.4) lib/action_dispatch/middleware/callbacks.rb:44:in `call'
  rack (1.2.1) lib/rack/sendfile.rb:107:in `call'
  actionpack (3.0.4) lib/action_dispatch/middleware/remote_ip.rb:48:in `call'
  actionpack (3.0.4) lib/action_dispatch/middleware/show_exceptions.rb:47:in `call'
  railties (3.0.4) lib/rails/rack/logger.rb:13:in `call'
  rack (1.2.1) lib/rack/runtime.rb:17:in `call'
  activesupport (3.0.4) lib/active_support/cache/strategy/local_cache.rb:72:in `call'
  rack (1.2.1) lib/rack/lock.rb:11:in `call'
  rack (1.2.1) lib/rack/lock.rb:11:in `synchronize'
  rack (1.2.1) lib/rack/lock.rb:11:in `call'
  actionpack (3.0.4) lib/action_dispatch/middleware/static.rb:30:in `call'
  railties (3.0.4) lib/rails/application.rb:168:in `call'
  railties (3.0.4) lib/rails/application.rb:77:in `send'
  railties (3.0.4) lib/rails/application.rb:77:in `method_missing'
  passenger (3.0.5) lib/phusion_passenger/rack/request_handler.rb:96:in `process_request'
  passenger (3.0.5) lib/phusion_passenger/abstract_request_handler.rb:513:in `accept_and_process_next_request'
  passenger (3.0.5) lib/phusion_passenger/abstract_request_handler.rb:274:in `main_loop'
  passenger (3.0.5) lib/phusion_passenger/rack/application_spawner.rb:205:in `start_request_handler'
  passenger (3.0.5) lib/phusion_passenger/rack/application_spawner.rb:170:in `send'
  passenger (3.0.5) lib/phusion_passenger/rack/application_spawner.rb:170:in `handle_spawn_application'
  passenger (3.0.5) lib/phusion_passenger/utils.rb:479:in `safe_fork'
  passenger (3.0.5) lib/phusion_passenger/rack/application_spawner.rb:165:in `handle_spawn_application'
  passenger (3.0.5) lib/phusion_passenger/abstract_server.rb:357:in `__send__'
  passenger (3.0.5) lib/phusion_passenger/abstract_server.rb:357:in `server_main_loop'
  passenger (3.0.5) lib/phusion_passenger/abstract_server.rb:206:in `start_synchronously'
  passenger (3.0.5) lib/phusion_passenger/abstract_server.rb:180:in `start'
  passenger (3.0.5) lib/phusion_passenger/rack/application_spawner.rb:128:in `start'
  passenger (3.0.5) lib/phusion_passenger/spawn_manager.rb:253:in `spawn_rack_application'
  passenger (3.0.5) lib/phusion_passenger/abstract_server_collection.rb:132:in `lookup_or_add'
  passenger (3.0.5) lib/phusion_passenger/spawn_manager.rb:246:in `spawn_rack_application'
  passenger (3.0.5) lib/phusion_passenger/abstract_server_collection.rb:82:in `synchronize'
  passenger (3.0.5) lib/phusion_passenger/abstract_server_collection.rb:79:in `synchronize'
  passenger (3.0.5) lib/phusion_passenger/spawn_manager.rb:244:in `spawn_rack_application'
  passenger (3.0.5) lib/phusion_passenger/spawn_manager.rb:137:in `spawn_application'
  passenger (3.0.5) lib/phusion_passenger/spawn_manager.rb:275:in `handle_spawn_application'
  passenger (3.0.5) lib/phusion_passenger/abstract_server.rb:357:in `__send__'
  passenger (3.0.5) lib/phusion_passenger/abstract_server.rb:357:in `server_main_loop'
  passenger (3.0.5) lib/phusion_passenger/abstract_server.rb:206:in `start_synchronously'
  passenger (3.0.5) helper-scripts/passenger-spawn-server:99

Rendered /Library/Ruby/Gems/1.8/gems/actionpack-3.0.4/lib/action_dispatch/middleware/templates/rescues/_trace.erb (1.0ms)
Rendered /Library/Ruby/Gems/1.8/gems/actionpack-3.0.4/lib/action_dispatch/middleware/templates/rescues/_request_and_response.erb (2.3ms)
Rendered /Library/Ruby/Gems/1.8/gems/actionpack-3.0.4/lib/action_dispatch/middleware/templates/rescues/diagnostics.erb within rescues/layout (8.6ms)
DEPRECATION WARNING: Object#returning has been deprecated in favor of Object#tap. (called from enable_activerecord at /Users/kbroestl/Sites/RailsPortal/vendor/plugins/will_paginate/lib/will_paginate.rb:39)


Started GET "/books/" for 127.0.0.1 at Sat Mar 26 12:05:04 -0400 2011
  Processing by BooksController#index as HTML
  [1m[36mBook Load (2.2ms)[0m  [1mSELECT `books`.* FROM `books`[0m
Completed   in 77ms

TypeError (can't convert nil into Array):
  vendor/plugins/will_paginate/lib/will_paginate/collection.rb:133:in `replace'
  vendor/plugins/will_paginate/lib/will_paginate/collection.rb:133:in `replace'
  vendor/plugins/will_paginate/lib/will_paginate/finder.rb:82:in `paginate'
  vendor/plugins/will_paginate/lib/will_paginate/collection.rb:85:in `create'
  vendor/plugins/will_paginate/lib/will_paginate/finder.rb:76:in `paginate'
  app/controllers/books_controller.rb:6:in `index'
  actionpack (3.0.4) lib/action_controller/metal/implicit_render.rb:4:in `send_action'
  actionpack (3.0.4) lib/action_controller/metal/implicit_render.rb:4:in `send_action'
  actionpack (3.0.4) lib/abstract_controller/base.rb:150:in `process_action'
  actionpack (3.0.4) lib/action_controller/metal/rendering.rb:11:in `process_action'
  actionpack (3.0.4) lib/abstract_controller/callbacks.rb:18:in `process_action'
  activesupport (3.0.4) lib/active_support/callbacks.rb:435:in `_run__244799010__process_action__199225275__callbacks'
  activesupport (3.0.4) lib/active_support/callbacks.rb:409:in `send'
  activesupport (3.0.4) lib/active_support/callbacks.rb:409:in `_run_process_action_callbacks'
  activesupport (3.0.4) lib/active_support/callbacks.rb:93:in `send'
  activesupport (3.0.4) lib/active_support/callbacks.rb:93:in `run_callbacks'
  actionpack (3.0.4) lib/abstract_controller/callbacks.rb:17:in `process_action'
  actionpack (3.0.4) lib/action_controller/metal/instrumentation.rb:30:in `process_action'
  activesupport (3.0.4) lib/active_support/notifications.rb:52:in `instrument'
  activesupport (3.0.4) lib/active_support/notifications/instrumenter.rb:21:in `instrument'
  activesupport (3.0.4) lib/active_support/notifications.rb:52:in `instrument'
  actionpack (3.0.4) lib/action_controller/metal/instrumentation.rb:29:in `process_action'
  actionpack (3.0.4) lib/action_controller/metal/rescue.rb:17:in `process_action'
  actionpack (3.0.4) lib/abstract_controller/base.rb:119:in `process'
  actionpack (3.0.4) lib/abstract_controller/rendering.rb:41:in `process'
  actionpack (3.0.4) lib/action_controller/metal.rb:138:in `dispatch'
  actionpack (3.0.4) lib/action_controller/metal/rack_delegation.rb:14:in `dispatch'
  actionpack (3.0.4) lib/action_controller/metal.rb:178:in `action'
  actionpack (3.0.4) lib/action_dispatch/routing/route_set.rb:62:in `call'
  actionpack (3.0.4) lib/action_dispatch/routing/route_set.rb:62:in `dispatch'
  actionpack (3.0.4) lib/action_dispatch/routing/route_set.rb:27:in `call'
  rack-mount (0.6.13) lib/rack/mount/route_set.rb:148:in `call'
  rack-mount (0.6.13) lib/rack/mount/code_generation.rb:93:in `recognize'
  rack-mount (0.6.13) lib/rack/mount/code_generation.rb:68:in `optimized_each'
  rack-mount (0.6.13) lib/rack/mount/code_generation.rb:92:in `recognize'
  rack-mount (0.6.13) lib/rack/mount/route_set.rb:139:in `call'
  actionpack (3.0.4) lib/action_dispatch/routing/route_set.rb:492:in `call'
  haml (3.0.25) lib/sass/plugin/rack.rb:41:in `call'
  actionpack (3.0.4) lib/action_dispatch/middleware/best_standards_support.rb:17:in `call'
  actionpack (3.0.4) lib/action_dispatch/middleware/head.rb:14:in `call'
  rack (1.2.1) lib/rack/methodoverride.rb:24:in `call'
  actionpack (3.0.4) lib/action_dispatch/middleware/params_parser.rb:21:in `call'
  actionpack (3.0.4) lib/action_dispatch/middleware/flash.rb:182:in `call'
  actionpack (3.0.4) lib/action_dispatch/middleware/session/abstract_store.rb:149:in `call'
  actionpack (3.0.4) lib/action_dispatch/middleware/cookies.rb:302:in `call'
  activerecord (3.0.4) lib/active_record/query_cache.rb:32:in `call'
  activerecord (3.0.4) lib/active_record/connection_adapters/abstract/query_cache.rb:28:in `cache'
  activerecord (3.0.4) lib/active_record/query_cache.rb:12:in `cache'
  activerecord (3.0.4) lib/active_record/query_cache.rb:31:in `call'
  activerecord (3.0.4) lib/active_record/connection_adapters/abstract/connection_pool.rb:354:in `call'
  actionpack (3.0.4) lib/action_dispatch/middleware/callbacks.rb:46:in `call'
  activesupport (3.0.4) lib/active_support/callbacks.rb:415:in `_run_call_callbacks'
  actionpack (3.0.4) lib/action_dispatch/middleware/callbacks.rb:44:in `call'
  rack (1.2.1) lib/rack/sendfile.rb:107:in `call'
  actionpack (3.0.4) lib/action_dispatch/middleware/remote_ip.rb:48:in `call'
  actionpack (3.0.4) lib/action_dispatch/middleware/show_exceptions.rb:47:in `call'
  railties (3.0.4) lib/rails/rack/logger.rb:13:in `call'
  rack (1.2.1) lib/rack/runtime.rb:17:in `call'
  activesupport (3.0.4) lib/active_support/cache/strategy/local_cache.rb:72:in `call'
  rack (1.2.1) lib/rack/lock.rb:11:in `call'
  rack (1.2.1) lib/rack/lock.rb:11:in `synchronize'
  rack (1.2.1) lib/rack/lock.rb:11:in `call'
  actionpack (3.0.4) lib/action_dispatch/middleware/static.rb:30:in `call'
  railties (3.0.4) lib/rails/application.rb:168:in `call'
  railties (3.0.4) lib/rails/application.rb:77:in `send'
  railties (3.0.4) lib/rails/application.rb:77:in `method_missing'
  passenger (3.0.5) lib/phusion_passenger/rack/request_handler.rb:96:in `process_request'
  passenger (3.0.5) lib/phusion_passenger/abstract_request_handler.rb:513:in `accept_and_process_next_request'
  passenger (3.0.5) lib/phusion_passenger/abstract_request_handler.rb:274:in `main_loop'
  passenger (3.0.5) lib/phusion_passenger/rack/application_spawner.rb:205:in `start_request_handler'
  passenger (3.0.5) lib/phusion_passenger/rack/application_spawner.rb:170:in `send'
  passenger (3.0.5) lib/phusion_passenger/rack/application_spawner.rb:170:in `handle_spawn_application'
  passenger (3.0.5) lib/phusion_passenger/utils.rb:479:in `safe_fork'
  passenger (3.0.5) lib/phusion_passenger/rack/application_spawner.rb:165:in `handle_spawn_application'
  passenger (3.0.5) lib/phusion_passenger/abstract_server.rb:357:in `__send__'
  passenger (3.0.5) lib/phusion_passenger/abstract_server.rb:357:in `server_main_loop'
  passenger (3.0.5) lib/phusion_passenger/abstract_server.rb:206:in `start_synchronously'
  passenger (3.0.5) lib/phusion_passenger/abstract_server.rb:180:in `start'
  passenger (3.0.5) lib/phusion_passenger/rack/application_spawner.rb:128:in `start'
  passenger (3.0.5) lib/phusion_passenger/spawn_manager.rb:253:in `spawn_rack_application'
  passenger (3.0.5) lib/phusion_passenger/abstract_server_collection.rb:132:in `lookup_or_add'
  passenger (3.0.5) lib/phusion_passenger/spawn_manager.rb:246:in `spawn_rack_application'
  passenger (3.0.5) lib/phusion_passenger/abstract_server_collection.rb:82:in `synchronize'
  passenger (3.0.5) lib/phusion_passenger/abstract_server_collection.rb:79:in `synchronize'
  passenger (3.0.5) lib/phusion_passenger/spawn_manager.rb:244:in `spawn_rack_application'
  passenger (3.0.5) lib/phusion_passenger/spawn_manager.rb:137:in `spawn_application'
  passenger (3.0.5) lib/phusion_passenger/spawn_manager.rb:275:in `handle_spawn_application'
  passenger (3.0.5) lib/phusion_passenger/abstract_server.rb:357:in `__send__'
  passenger (3.0.5) lib/phusion_passenger/abstract_server.rb:357:in `server_main_loop'
  passenger (3.0.5) lib/phusion_passenger/abstract_server.rb:206:in `start_synchronously'
  passenger (3.0.5) helper-scripts/passenger-spawn-server:99

Rendered /Library/Ruby/Gems/1.8/gems/actionpack-3.0.4/lib/action_dispatch/middleware/templates/rescues/_trace.erb (1.1ms)
Rendered /Library/Ruby/Gems/1.8/gems/actionpack-3.0.4/lib/action_dispatch/middleware/templates/rescues/_request_and_response.erb (4.3ms)
Rendered /Library/Ruby/Gems/1.8/gems/actionpack-3.0.4/lib/action_dispatch/middleware/templates/rescues/diagnostics.erb within rescues/layout (10.0ms)


Started GET "/books/" for 127.0.0.1 at Sat Mar 26 12:06:19 -0400 2011
  Processing by BooksController#index as HTML
  [1m[35mBook Load (2.3ms)[0m  SELECT `books`.* FROM `books`
Completed   in 55ms

TypeError (can't convert nil into Array):
  vendor/plugins/will_paginate/lib/will_paginate/collection.rb:133:in `replace'
  vendor/plugins/will_paginate/lib/will_paginate/collection.rb:133:in `replace'
  vendor/plugins/will_paginate/lib/will_paginate/finder.rb:82:in `paginate'
  vendor/plugins/will_paginate/lib/will_paginate/collection.rb:85:in `create'
  vendor/plugins/will_paginate/lib/will_paginate/finder.rb:76:in `paginate'
  app/controllers/books_controller.rb:5:in `index'
  actionpack (3.0.4) lib/action_controller/metal/implicit_render.rb:4:in `send_action'
  actionpack (3.0.4) lib/action_controller/metal/implicit_render.rb:4:in `send_action'
  actionpack (3.0.4) lib/abstract_controller/base.rb:150:in `process_action'
  actionpack (3.0.4) lib/action_controller/metal/rendering.rb:11:in `process_action'
  actionpack (3.0.4) lib/abstract_controller/callbacks.rb:18:in `process_action'
  activesupport (3.0.4) lib/active_support/callbacks.rb:435:in `_run__244799010__process_action__199225275__callbacks'
  activesupport (3.0.4) lib/active_support/callbacks.rb:409:in `send'
  activesupport (3.0.4) lib/active_support/callbacks.rb:409:in `_run_process_action_callbacks'
  activesupport (3.0.4) lib/active_support/callbacks.rb:93:in `send'
  activesupport (3.0.4) lib/active_support/callbacks.rb:93:in `run_callbacks'
  actionpack (3.0.4) lib/abstract_controller/callbacks.rb:17:in `process_action'
  actionpack (3.0.4) lib/action_controller/metal/instrumentation.rb:30:in `process_action'
  activesupport (3.0.4) lib/active_support/notifications.rb:52:in `instrument'
  activesupport (3.0.4) lib/active_support/notifications/instrumenter.rb:21:in `instrument'
  activesupport (3.0.4) lib/active_support/notifications.rb:52:in `instrument'
  actionpack (3.0.4) lib/action_controller/metal/instrumentation.rb:29:in `process_action'
  actionpack (3.0.4) lib/action_controller/metal/rescue.rb:17:in `process_action'
  actionpack (3.0.4) lib/abstract_controller/base.rb:119:in `process'
  actionpack (3.0.4) lib/abstract_controller/rendering.rb:41:in `process'
  actionpack (3.0.4) lib/action_controller/metal.rb:138:in `dispatch'
  actionpack (3.0.4) lib/action_controller/metal/rack_delegation.rb:14:in `dispatch'
  actionpack (3.0.4) lib/action_controller/metal.rb:178:in `action'
  actionpack (3.0.4) lib/action_dispatch/routing/route_set.rb:62:in `call'
  actionpack (3.0.4) lib/action_dispatch/routing/route_set.rb:62:in `dispatch'
  actionpack (3.0.4) lib/action_dispatch/routing/route_set.rb:27:in `call'
  rack-mount (0.6.13) lib/rack/mount/route_set.rb:148:in `call'
  rack-mount (0.6.13) lib/rack/mount/code_generation.rb:93:in `recognize'
  rack-mount (0.6.13) lib/rack/mount/code_generation.rb:68:in `optimized_each'
  rack-mount (0.6.13) lib/rack/mount/code_generation.rb:92:in `recognize'
  rack-mount (0.6.13) lib/rack/mount/route_set.rb:139:in `call'
  actionpack (3.0.4) lib/action_dispatch/routing/route_set.rb:492:in `call'
  haml (3.0.25) lib/sass/plugin/rack.rb:41:in `call'
  actionpack (3.0.4) lib/action_dispatch/middleware/best_standards_support.rb:17:in `call'
  actionpack (3.0.4) lib/action_dispatch/middleware/head.rb:14:in `call'
  rack (1.2.1) lib/rack/methodoverride.rb:24:in `call'
  actionpack (3.0.4) lib/action_dispatch/middleware/params_parser.rb:21:in `call'
  actionpack (3.0.4) lib/action_dispatch/middleware/flash.rb:182:in `call'
  actionpack (3.0.4) lib/action_dispatch/middleware/session/abstract_store.rb:149:in `call'
  actionpack (3.0.4) lib/action_dispatch/middleware/cookies.rb:302:in `call'
  activerecord (3.0.4) lib/active_record/query_cache.rb:32:in `call'
  activerecord (3.0.4) lib/active_record/connection_adapters/abstract/query_cache.rb:28:in `cache'
  activerecord (3.0.4) lib/active_record/query_cache.rb:12:in `cache'
  activerecord (3.0.4) lib/active_record/query_cache.rb:31:in `call'
  activerecord (3.0.4) lib/active_record/connection_adapters/abstract/connection_pool.rb:354:in `call'
  actionpack (3.0.4) lib/action_dispatch/middleware/callbacks.rb:46:in `call'
  activesupport (3.0.4) lib/active_support/callbacks.rb:415:in `_run_call_callbacks'
  actionpack (3.0.4) lib/action_dispatch/middleware/callbacks.rb:44:in `call'
  rack (1.2.1) lib/rack/sendfile.rb:107:in `call'
  actionpack (3.0.4) lib/action_dispatch/middleware/remote_ip.rb:48:in `call'
  actionpack (3.0.4) lib/action_dispatch/middleware/show_exceptions.rb:47:in `call'
  railties (3.0.4) lib/rails/rack/logger.rb:13:in `call'
  rack (1.2.1) lib/rack/runtime.rb:17:in `call'
  activesupport (3.0.4) lib/active_support/cache/strategy/local_cache.rb:72:in `call'
  rack (1.2.1) lib/rack/lock.rb:11:in `call'
  rack (1.2.1) lib/rack/lock.rb:11:in `synchronize'
  rack (1.2.1) lib/rack/lock.rb:11:in `call'
  actionpack (3.0.4) lib/action_dispatch/middleware/static.rb:30:in `call'
  railties (3.0.4) lib/rails/application.rb:168:in `call'
  railties (3.0.4) lib/rails/application.rb:77:in `send'
  railties (3.0.4) lib/rails/application.rb:77:in `method_missing'
  passenger (3.0.5) lib/phusion_passenger/rack/request_handler.rb:96:in `process_request'
  passenger (3.0.5) lib/phusion_passenger/abstract_request_handler.rb:513:in `accept_and_process_next_request'
  passenger (3.0.5) lib/phusion_passenger/abstract_request_handler.rb:274:in `main_loop'
  passenger (3.0.5) lib/phusion_passenger/rack/application_spawner.rb:205:in `start_request_handler'
  passenger (3.0.5) lib/phusion_passenger/rack/application_spawner.rb:170:in `send'
  passenger (3.0.5) lib/phusion_passenger/rack/application_spawner.rb:170:in `handle_spawn_application'
  passenger (3.0.5) lib/phusion_passenger/utils.rb:479:in `safe_fork'
  passenger (3.0.5) lib/phusion_passenger/rack/application_spawner.rb:165:in `handle_spawn_application'
  passenger (3.0.5) lib/phusion_passenger/abstract_server.rb:357:in `__send__'
  passenger (3.0.5) lib/phusion_passenger/abstract_server.rb:357:in `server_main_loop'
  passenger (3.0.5) lib/phusion_passenger/abstract_server.rb:206:in `start_synchronously'
  passenger (3.0.5) lib/phusion_passenger/abstract_server.rb:180:in `start'
  passenger (3.0.5) lib/phusion_passenger/rack/application_spawner.rb:128:in `start'
  passenger (3.0.5) lib/phusion_passenger/spawn_manager.rb:253:in `spawn_rack_application'
  passenger (3.0.5) lib/phusion_passenger/abstract_server_collection.rb:132:in `lookup_or_add'
  passenger (3.0.5) lib/phusion_passenger/spawn_manager.rb:246:in `spawn_rack_application'
  passenger (3.0.5) lib/phusion_passenger/abstract_server_collection.rb:82:in `synchronize'
  passenger (3.0.5) lib/phusion_passenger/abstract_server_collection.rb:79:in `synchronize'
  passenger (3.0.5) lib/phusion_passenger/spawn_manager.rb:244:in `spawn_rack_application'
  passenger (3.0.5) lib/phusion_passenger/spawn_manager.rb:137:in `spawn_application'
  passenger (3.0.5) lib/phusion_passenger/spawn_manager.rb:275:in `handle_spawn_application'
  passenger (3.0.5) lib/phusion_passenger/abstract_server.rb:357:in `__send__'
  passenger (3.0.5) lib/phusion_passenger/abstract_server.rb:357:in `server_main_loop'
  passenger (3.0.5) lib/phusion_passenger/abstract_server.rb:206:in `start_synchronously'
  passenger (3.0.5) helper-scripts/passenger-spawn-server:99

Rendered /Library/Ruby/Gems/1.8/gems/actionpack-3.0.4/lib/action_dispatch/middleware/templates/rescues/_trace.erb (1.0ms)
Rendered /Library/Ruby/Gems/1.8/gems/actionpack-3.0.4/lib/action_dispatch/middleware/templates/rescues/_request_and_response.erb (4.3ms)
Rendered /Library/Ruby/Gems/1.8/gems/actionpack-3.0.4/lib/action_dispatch/middleware/templates/rescues/diagnostics.erb within rescues/layout (9.8ms)
DEPRECATION WARNING: Object#returning has been deprecated in favor of Object#tap. (called from enable_activerecord at /Users/kbroestl/Sites/RailsPortal/vendor/plugins/will_paginate/lib/will_paginate.rb:39)


Started GET "/books/" for 127.0.0.1 at Sat Mar 26 12:06:45 -0400 2011
  Processing by BooksController#show as HTML
Completed   in 33ms

ActiveRecord::RecordNotFound (Couldn't find Book without an ID):
  activerecord (3.0.4) lib/active_record/relation/finder_methods.rb:279:in `find_with_ids'
  activerecord (3.0.4) lib/active_record/relation/finder_methods.rb:107:in `find'
  activerecord (3.0.4) lib/active_record/base.rb:439:in `__send__'
  activerecord (3.0.4) lib/active_record/base.rb:439:in `find'
  app/controllers/books_controller.rb:17:in `show'
  actionpack (3.0.4) lib/action_controller/metal/implicit_render.rb:4:in `send_action'
  actionpack (3.0.4) lib/action_controller/metal/implicit_render.rb:4:in `send_action'
  actionpack (3.0.4) lib/abstract_controller/base.rb:150:in `process_action'
  actionpack (3.0.4) lib/action_controller/metal/rendering.rb:11:in `process_action'
  actionpack (3.0.4) lib/abstract_controller/callbacks.rb:18:in `process_action'
  activesupport (3.0.4) lib/active_support/callbacks.rb:435:in `_run__244799010__process_action__453433196__callbacks'
  activesupport (3.0.4) lib/active_support/callbacks.rb:409:in `send'
  activesupport (3.0.4) lib/active_support/callbacks.rb:409:in `_run_process_action_callbacks'
  activesupport (3.0.4) lib/active_support/callbacks.rb:93:in `send'
  activesupport (3.0.4) lib/active_support/callbacks.rb:93:in `run_callbacks'
  actionpack (3.0.4) lib/abstract_controller/callbacks.rb:17:in `process_action'
  actionpack (3.0.4) lib/action_controller/metal/instrumentation.rb:30:in `process_action'
  activesupport (3.0.4) lib/active_support/notifications.rb:52:in `instrument'
  activesupport (3.0.4) lib/active_support/notifications/instrumenter.rb:21:in `instrument'
  activesupport (3.0.4) lib/active_support/notifications.rb:52:in `instrument'
  actionpack (3.0.4) lib/action_controller/metal/instrumentation.rb:29:in `process_action'
  actionpack (3.0.4) lib/action_controller/metal/rescue.rb:17:in `process_action'
  actionpack (3.0.4) lib/abstract_controller/base.rb:119:in `process'
  actionpack (3.0.4) lib/abstract_controller/rendering.rb:41:in `process'
  actionpack (3.0.4) lib/action_controller/metal.rb:138:in `dispatch'
  actionpack (3.0.4) lib/action_controller/metal/rack_delegation.rb:14:in `dispatch'
  actionpack (3.0.4) lib/action_controller/metal.rb:178:in `action'
  actionpack (3.0.4) lib/action_dispatch/routing/route_set.rb:62:in `call'
  actionpack (3.0.4) lib/action_dispatch/routing/route_set.rb:62:in `dispatch'
  actionpack (3.0.4) lib/action_dispatch/routing/route_set.rb:27:in `call'
  rack-mount (0.6.13) lib/rack/mount/route_set.rb:148:in `call'
  rack-mount (0.6.13) lib/rack/mount/code_generation.rb:93:in `recognize'
  rack-mount (0.6.13) lib/rack/mount/code_generation.rb:82:in `optimized_each'
  rack-mount (0.6.13) lib/rack/mount/code_generation.rb:92:in `recognize'
  rack-mount (0.6.13) lib/rack/mount/route_set.rb:139:in `call'
  actionpack (3.0.4) lib/action_dispatch/routing/route_set.rb:492:in `call'
  haml (3.0.25) lib/sass/plugin/rack.rb:41:in `call'
  actionpack (3.0.4) lib/action_dispatch/middleware/best_standards_support.rb:17:in `call'
  actionpack (3.0.4) lib/action_dispatch/middleware/head.rb:14:in `call'
  rack (1.2.1) lib/rack/methodoverride.rb:24:in `call'
  actionpack (3.0.4) lib/action_dispatch/middleware/params_parser.rb:21:in `call'
  actionpack (3.0.4) lib/action_dispatch/middleware/flash.rb:182:in `call'
  actionpack (3.0.4) lib/action_dispatch/middleware/session/abstract_store.rb:149:in `call'
  actionpack (3.0.4) lib/action_dispatch/middleware/cookies.rb:302:in `call'
  activerecord (3.0.4) lib/active_record/query_cache.rb:32:in `call'
  activerecord (3.0.4) lib/active_record/connection_adapters/abstract/query_cache.rb:28:in `cache'
  activerecord (3.0.4) lib/active_record/query_cache.rb:12:in `cache'
  activerecord (3.0.4) lib/active_record/query_cache.rb:31:in `call'
  activerecord (3.0.4) lib/active_record/connection_adapters/abstract/connection_pool.rb:354:in `call'
  actionpack (3.0.4) lib/action_dispatch/middleware/callbacks.rb:46:in `call'
  activesupport (3.0.4) lib/active_support/callbacks.rb:415:in `_run_call_callbacks'
  actionpack (3.0.4) lib/action_dispatch/middleware/callbacks.rb:44:in `call'
  rack (1.2.1) lib/rack/sendfile.rb:107:in `call'
  actionpack (3.0.4) lib/action_dispatch/middleware/remote_ip.rb:48:in `call'
  actionpack (3.0.4) lib/action_dispatch/middleware/show_exceptions.rb:47:in `call'
  railties (3.0.4) lib/rails/rack/logger.rb:13:in `call'
  rack (1.2.1) lib/rack/runtime.rb:17:in `call'
  activesupport (3.0.4) lib/active_support/cache/strategy/local_cache.rb:72:in `call'
  rack (1.2.1) lib/rack/lock.rb:11:in `call'
  rack (1.2.1) lib/rack/lock.rb:11:in `synchronize'
  rack (1.2.1) lib/rack/lock.rb:11:in `call'
  actionpack (3.0.4) lib/action_dispatch/middleware/static.rb:30:in `call'
  railties (3.0.4) lib/rails/application.rb:168:in `call'
  railties (3.0.4) lib/rails/application.rb:77:in `send'
  railties (3.0.4) lib/rails/application.rb:77:in `method_missing'
  passenger (3.0.5) lib/phusion_passenger/rack/request_handler.rb:96:in `process_request'
  passenger (3.0.5) lib/phusion_passenger/abstract_request_handler.rb:513:in `accept_and_process_next_request'
  passenger (3.0.5) lib/phusion_passenger/abstract_request_handler.rb:274:in `main_loop'
  passenger (3.0.5) lib/phusion_passenger/rack/application_spawner.rb:205:in `start_request_handler'
  passenger (3.0.5) lib/phusion_passenger/rack/application_spawner.rb:170:in `send'
  passenger (3.0.5) lib/phusion_passenger/rack/application_spawner.rb:170:in `handle_spawn_application'
  passenger (3.0.5) lib/phusion_passenger/utils.rb:479:in `safe_fork'
  passenger (3.0.5) lib/phusion_passenger/rack/application_spawner.rb:165:in `handle_spawn_application'
  passenger (3.0.5) lib/phusion_passenger/abstract_server.rb:357:in `__send__'
  passenger (3.0.5) lib/phusion_passenger/abstract_server.rb:357:in `server_main_loop'
  passenger (3.0.5) lib/phusion_passenger/abstract_server.rb:206:in `start_synchronously'
  passenger (3.0.5) lib/phusion_passenger/abstract_server.rb:180:in `start'
  passenger (3.0.5) lib/phusion_passenger/rack/application_spawner.rb:128:in `start'
  passenger (3.0.5) lib/phusion_passenger/spawn_manager.rb:253:in `spawn_rack_application'
  passenger (3.0.5) lib/phusion_passenger/abstract_server_collection.rb:132:in `lookup_or_add'
  passenger (3.0.5) lib/phusion_passenger/spawn_manager.rb:246:in `spawn_rack_application'
  passenger (3.0.5) lib/phusion_passenger/abstract_server_collection.rb:82:in `synchronize'
  passenger (3.0.5) lib/phusion_passenger/abstract_server_collection.rb:79:in `synchronize'
  passenger (3.0.5) lib/phusion_passenger/spawn_manager.rb:244:in `spawn_rack_application'
  passenger (3.0.5) lib/phusion_passenger/spawn_manager.rb:137:in `spawn_application'
  passenger (3.0.5) lib/phusion_passenger/spawn_manager.rb:275:in `handle_spawn_application'
  passenger (3.0.5) lib/phusion_passenger/abstract_server.rb:357:in `__send__'
  passenger (3.0.5) lib/phusion_passenger/abstract_server.rb:357:in `server_main_loop'
  passenger (3.0.5) lib/phusion_passenger/abstract_server.rb:206:in `start_synchronously'
  passenger (3.0.5) helper-scripts/passenger-spawn-server:99

Rendered /Library/Ruby/Gems/1.8/gems/actionpack-3.0.4/lib/action_dispatch/middleware/templates/rescues/_trace.erb (1.0ms)
Rendered /Library/Ruby/Gems/1.8/gems/actionpack-3.0.4/lib/action_dispatch/middleware/templates/rescues/_request_and_response.erb (4.2ms)
Rendered /Library/Ruby/Gems/1.8/gems/actionpack-3.0.4/lib/action_dispatch/middleware/templates/rescues/diagnostics.erb within rescues/layout (11.2ms)


Started GET "/books/" for 127.0.0.1 at Sat Mar 26 12:07:30 -0400 2011
  Processing by BooksController#show as HTML
Completed   in 80ms

ActiveRecord::RecordNotFound (Couldn't find Book without an ID):
  activerecord (3.0.4) lib/active_record/relation/finder_methods.rb:279:in `find_with_ids'
  activerecord (3.0.4) lib/active_record/relation/finder_methods.rb:107:in `find'
  activerecord (3.0.4) lib/active_record/base.rb:439:in `__send__'
  activerecord (3.0.4) lib/active_record/base.rb:439:in `find'
  app/controllers/books_controller.rb:18:in `show'
  actionpack (3.0.4) lib/action_controller/metal/implicit_render.rb:4:in `send_action'
  actionpack (3.0.4) lib/action_controller/metal/implicit_render.rb:4:in `send_action'
  actionpack (3.0.4) lib/abstract_controller/base.rb:150:in `process_action'
  actionpack (3.0.4) lib/action_controller/metal/rendering.rb:11:in `process_action'
  actionpack (3.0.4) lib/abstract_controller/callbacks.rb:18:in `process_action'
  activesupport (3.0.4) lib/active_support/callbacks.rb:435:in `_run__244799010__process_action__453433196__callbacks'
  activesupport (3.0.4) lib/active_support/callbacks.rb:409:in `send'
  activesupport (3.0.4) lib/active_support/callbacks.rb:409:in `_run_process_action_callbacks'
  activesupport (3.0.4) lib/active_support/callbacks.rb:93:in `send'
  activesupport (3.0.4) lib/active_support/callbacks.rb:93:in `run_callbacks'
  actionpack (3.0.4) lib/abstract_controller/callbacks.rb:17:in `process_action'
  actionpack (3.0.4) lib/action_controller/metal/instrumentation.rb:30:in `process_action'
  activesupport (3.0.4) lib/active_support/notifications.rb:52:in `instrument'
  activesupport (3.0.4) lib/active_support/notifications/instrumenter.rb:21:in `instrument'
  activesupport (3.0.4) lib/active_support/notifications.rb:52:in `instrument'
  actionpack (3.0.4) lib/action_controller/metal/instrumentation.rb:29:in `process_action'
  actionpack (3.0.4) lib/action_controller/metal/rescue.rb:17:in `process_action'
  actionpack (3.0.4) lib/abstract_controller/base.rb:119:in `process'
  actionpack (3.0.4) lib/abstract_controller/rendering.rb:41:in `process'
  actionpack (3.0.4) lib/action_controller/metal.rb:138:in `dispatch'
  actionpack (3.0.4) lib/action_controller/metal/rack_delegation.rb:14:in `dispatch'
  actionpack (3.0.4) lib/action_controller/metal.rb:178:in `action'
  actionpack (3.0.4) lib/action_dispatch/routing/route_set.rb:62:in `call'
  actionpack (3.0.4) lib/action_dispatch/routing/route_set.rb:62:in `dispatch'
  actionpack (3.0.4) lib/action_dispatch/routing/route_set.rb:27:in `call'
  rack-mount (0.6.13) lib/rack/mount/route_set.rb:148:in `call'
  rack-mount (0.6.13) lib/rack/mount/code_generation.rb:93:in `recognize'
  rack-mount (0.6.13) lib/rack/mount/code_generation.rb:82:in `optimized_each'
  rack-mount (0.6.13) lib/rack/mount/code_generation.rb:92:in `recognize'
  rack-mount (0.6.13) lib/rack/mount/route_set.rb:139:in `call'
  actionpack (3.0.4) lib/action_dispatch/routing/route_set.rb:492:in `call'
  haml (3.0.25) lib/sass/plugin/rack.rb:41:in `call'
  actionpack (3.0.4) lib/action_dispatch/middleware/best_standards_support.rb:17:in `call'
  actionpack (3.0.4) lib/action_dispatch/middleware/head.rb:14:in `call'
  rack (1.2.1) lib/rack/methodoverride.rb:24:in `call'
  actionpack (3.0.4) lib/action_dispatch/middleware/params_parser.rb:21:in `call'
  actionpack (3.0.4) lib/action_dispatch/middleware/flash.rb:182:in `call'
  actionpack (3.0.4) lib/action_dispatch/middleware/session/abstract_store.rb:149:in `call'
  actionpack (3.0.4) lib/action_dispatch/middleware/cookies.rb:302:in `call'
  activerecord (3.0.4) lib/active_record/query_cache.rb:32:in `call'
  activerecord (3.0.4) lib/active_record/connection_adapters/abstract/query_cache.rb:28:in `cache'
  activerecord (3.0.4) lib/active_record/query_cache.rb:12:in `cache'
  activerecord (3.0.4) lib/active_record/query_cache.rb:31:in `call'
  activerecord (3.0.4) lib/active_record/connection_adapters/abstract/connection_pool.rb:354:in `call'
  actionpack (3.0.4) lib/action_dispatch/middleware/callbacks.rb:46:in `call'
  activesupport (3.0.4) lib/active_support/callbacks.rb:415:in `_run_call_callbacks'
  actionpack (3.0.4) lib/action_dispatch/middleware/callbacks.rb:44:in `call'
  rack (1.2.1) lib/rack/sendfile.rb:107:in `call'
  actionpack (3.0.4) lib/action_dispatch/middleware/remote_ip.rb:48:in `call'
  actionpack (3.0.4) lib/action_dispatch/middleware/show_exceptions.rb:47:in `call'
  railties (3.0.4) lib/rails/rack/logger.rb:13:in `call'
  rack (1.2.1) lib/rack/runtime.rb:17:in `call'
  activesupport (3.0.4) lib/active_support/cache/strategy/local_cache.rb:72:in `call'
  rack (1.2.1) lib/rack/lock.rb:11:in `call'
  rack (1.2.1) lib/rack/lock.rb:11:in `synchronize'
  rack (1.2.1) lib/rack/lock.rb:11:in `call'
  actionpack (3.0.4) lib/action_dispatch/middleware/static.rb:30:in `call'
  railties (3.0.4) lib/rails/application.rb:168:in `call'
  railties (3.0.4) lib/rails/application.rb:77:in `send'
  railties (3.0.4) lib/rails/application.rb:77:in `method_missing'
  passenger (3.0.5) lib/phusion_passenger/rack/request_handler.rb:96:in `process_request'
  passenger (3.0.5) lib/phusion_passenger/abstract_request_handler.rb:513:in `accept_and_process_next_request'
  passenger (3.0.5) lib/phusion_passenger/abstract_request_handler.rb:274:in `main_loop'
  passenger (3.0.5) lib/phusion_passenger/rack/application_spawner.rb:205:in `start_request_handler'
  passenger (3.0.5) lib/phusion_passenger/rack/application_spawner.rb:170:in `send'
  passenger (3.0.5) lib/phusion_passenger/rack/application_spawner.rb:170:in `handle_spawn_application'
  passenger (3.0.5) lib/phusion_passenger/utils.rb:479:in `safe_fork'
  passenger (3.0.5) lib/phusion_passenger/rack/application_spawner.rb:165:in `handle_spawn_application'
  passenger (3.0.5) lib/phusion_passenger/abstract_server.rb:357:in `__send__'
  passenger (3.0.5) lib/phusion_passenger/abstract_server.rb:357:in `server_main_loop'
  passenger (3.0.5) lib/phusion_passenger/abstract_server.rb:206:in `start_synchronously'
  passenger (3.0.5) lib/phusion_passenger/abstract_server.rb:180:in `start'
  passenger (3.0.5) lib/phusion_passenger/rack/application_spawner.rb:128:in `start'
  passenger (3.0.5) lib/phusion_passenger/spawn_manager.rb:253:in `spawn_rack_application'
  passenger (3.0.5) lib/phusion_passenger/abstract_server_collection.rb:132:in `lookup_or_add'
  passenger (3.0.5) lib/phusion_passenger/spawn_manager.rb:246:in `spawn_rack_application'
  passenger (3.0.5) lib/phusion_passenger/abstract_server_collection.rb:82:in `synchronize'
  passenger (3.0.5) lib/phusion_passenger/abstract_server_collection.rb:79:in `synchronize'
  passenger (3.0.5) lib/phusion_passenger/spawn_manager.rb:244:in `spawn_rack_application'
  passenger (3.0.5) lib/phusion_passenger/spawn_manager.rb:137:in `spawn_application'
  passenger (3.0.5) lib/phusion_passenger/spawn_manager.rb:275:in `handle_spawn_application'
  passenger (3.0.5) lib/phusion_passenger/abstract_server.rb:357:in `__send__'
  passenger (3.0.5) lib/phusion_passenger/abstract_server.rb:357:in `server_main_loop'
  passenger (3.0.5) lib/phusion_passenger/abstract_server.rb:206:in `start_synchronously'
  passenger (3.0.5) helper-scripts/passenger-spawn-server:99

Rendered /Library/Ruby/Gems/1.8/gems/actionpack-3.0.4/lib/action_dispatch/middleware/templates/rescues/_trace.erb (1.1ms)
Rendered /Library/Ruby/Gems/1.8/gems/actionpack-3.0.4/lib/action_dispatch/middleware/templates/rescues/_request_and_response.erb (4.2ms)
Rendered /Library/Ruby/Gems/1.8/gems/actionpack-3.0.4/lib/action_dispatch/middleware/templates/rescues/diagnostics.erb within rescues/layout (9.6ms)


Started GET "/books/1" for 127.0.0.1 at Sat Mar 26 12:08:01 -0400 2011

ActionController::RoutingError (No route matches "/books/1"):
  actionpack (3.0.4) lib/action_dispatch/middleware/show_exceptions.rb:53:in `call'
  railties (3.0.4) lib/rails/rack/logger.rb:13:in `call'
  rack (1.2.1) lib/rack/runtime.rb:17:in `call'
  activesupport (3.0.4) lib/active_support/cache/strategy/local_cache.rb:72:in `call'
  rack (1.2.1) lib/rack/lock.rb:11:in `call'
  rack (1.2.1) lib/rack/lock.rb:11:in `synchronize'
  rack (1.2.1) lib/rack/lock.rb:11:in `call'
  actionpack (3.0.4) lib/action_dispatch/middleware/static.rb:30:in `call'
  railties (3.0.4) lib/rails/application.rb:168:in `call'
  railties (3.0.4) lib/rails/application.rb:77:in `send'
  railties (3.0.4) lib/rails/application.rb:77:in `method_missing'
  passenger (3.0.5) lib/phusion_passenger/rack/request_handler.rb:96:in `process_request'
  passenger (3.0.5) lib/phusion_passenger/abstract_request_handler.rb:513:in `accept_and_process_next_request'
  passenger (3.0.5) lib/phusion_passenger/abstract_request_handler.rb:274:in `main_loop'
  passenger (3.0.5) lib/phusion_passenger/rack/application_spawner.rb:205:in `start_request_handler'
  passenger (3.0.5) lib/phusion_passenger/rack/application_spawner.rb:170:in `send'
  passenger (3.0.5) lib/phusion_passenger/rack/application_spawner.rb:170:in `handle_spawn_application'
  passenger (3.0.5) lib/phusion_passenger/utils.rb:479:in `safe_fork'
  passenger (3.0.5) lib/phusion_passenger/rack/application_spawner.rb:165:in `handle_spawn_application'
  passenger (3.0.5) lib/phusion_passenger/abstract_server.rb:357:in `__send__'
  passenger (3.0.5) lib/phusion_passenger/abstract_server.rb:357:in `server_main_loop'
  passenger (3.0.5) lib/phusion_passenger/abstract_server.rb:206:in `start_synchronously'
  passenger (3.0.5) lib/phusion_passenger/abstract_server.rb:180:in `start'
  passenger (3.0.5) lib/phusion_passenger/rack/application_spawner.rb:128:in `start'
  passenger (3.0.5) lib/phusion_passenger/spawn_manager.rb:253:in `spawn_rack_application'
  passenger (3.0.5) lib/phusion_passenger/abstract_server_collection.rb:132:in `lookup_or_add'
  passenger (3.0.5) lib/phusion_passenger/spawn_manager.rb:246:in `spawn_rack_application'
  passenger (3.0.5) lib/phusion_passenger/abstract_server_collection.rb:82:in `synchronize'
  passenger (3.0.5) lib/phusion_passenger/abstract_server_collection.rb:79:in `synchronize'
  passenger (3.0.5) lib/phusion_passenger/spawn_manager.rb:244:in `spawn_rack_application'
  passenger (3.0.5) lib/phusion_passenger/spawn_manager.rb:137:in `spawn_application'
  passenger (3.0.5) lib/phusion_passenger/spawn_manager.rb:275:in `handle_spawn_application'
  passenger (3.0.5) lib/phusion_passenger/abstract_server.rb:357:in `__send__'
  passenger (3.0.5) lib/phusion_passenger/abstract_server.rb:357:in `server_main_loop'
  passenger (3.0.5) lib/phusion_passenger/abstract_server.rb:206:in `start_synchronously'
  passenger (3.0.5) helper-scripts/passenger-spawn-server:99

Rendered /Library/Ruby/Gems/1.8/gems/actionpack-3.0.4/lib/action_dispatch/middleware/templates/rescues/routing_error.erb within rescues/layout (1.1ms)
DEPRECATION WARNING: Object#returning has been deprecated in favor of Object#tap. (called from enable_activerecord at /Users/kbroestl/Sites/RailsPortal/vendor/plugins/will_paginate/lib/will_paginate.rb:39)


Started GET "/books/1" for 127.0.0.1 at Sat Mar 26 12:08:35 -0400 2011

ActionController::RoutingError (No route matches "/books/1"):
  actionpack (3.0.4) lib/action_dispatch/middleware/show_exceptions.rb:53:in `call'
  railties (3.0.4) lib/rails/rack/logger.rb:13:in `call'
  rack (1.2.1) lib/rack/runtime.rb:17:in `call'
  activesupport (3.0.4) lib/active_support/cache/strategy/local_cache.rb:72:in `call'
  rack (1.2.1) lib/rack/lock.rb:11:in `call'
  rack (1.2.1) lib/rack/lock.rb:11:in `synchronize'
  rack (1.2.1) lib/rack/lock.rb:11:in `call'
  actionpack (3.0.4) lib/action_dispatch/middleware/static.rb:30:in `call'
  railties (3.0.4) lib/rails/application.rb:168:in `call'
  railties (3.0.4) lib/rails/application.rb:77:in `send'
  railties (3.0.4) lib/rails/application.rb:77:in `method_missing'
  passenger (3.0.5) lib/phusion_passenger/rack/request_handler.rb:96:in `process_request'
  passenger (3.0.5) lib/phusion_passenger/abstract_request_handler.rb:513:in `accept_and_process_next_request'
  passenger (3.0.5) lib/phusion_passenger/abstract_request_handler.rb:274:in `main_loop'
  passenger (3.0.5) lib/phusion_passenger/rack/application_spawner.rb:205:in `start_request_handler'
  passenger (3.0.5) lib/phusion_passenger/rack/application_spawner.rb:170:in `send'
  passenger (3.0.5) lib/phusion_passenger/rack/application_spawner.rb:170:in `handle_spawn_application'
  passenger (3.0.5) lib/phusion_passenger/utils.rb:479:in `safe_fork'
  passenger (3.0.5) lib/phusion_passenger/rack/application_spawner.rb:165:in `handle_spawn_application'
  passenger (3.0.5) lib/phusion_passenger/abstract_server.rb:357:in `__send__'
  passenger (3.0.5) lib/phusion_passenger/abstract_server.rb:357:in `server_main_loop'
  passenger (3.0.5) lib/phusion_passenger/abstract_server.rb:206:in `start_synchronously'
  passenger (3.0.5) lib/phusion_passenger/abstract_server.rb:180:in `start'
  passenger (3.0.5) lib/phusion_passenger/rack/application_spawner.rb:128:in `start'
  passenger (3.0.5) lib/phusion_passenger/spawn_manager.rb:253:in `spawn_rack_application'
  passenger (3.0.5) lib/phusion_passenger/abstract_server_collection.rb:132:in `lookup_or_add'
  passenger (3.0.5) lib/phusion_passenger/spawn_manager.rb:246:in `spawn_rack_application'
  passenger (3.0.5) lib/phusion_passenger/abstract_server_collection.rb:82:in `synchronize'
  passenger (3.0.5) lib/phusion_passenger/abstract_server_collection.rb:79:in `synchronize'
  passenger (3.0.5) lib/phusion_passenger/spawn_manager.rb:244:in `spawn_rack_application'
  passenger (3.0.5) lib/phusion_passenger/spawn_manager.rb:137:in `spawn_application'
  passenger (3.0.5) lib/phusion_passenger/spawn_manager.rb:275:in `handle_spawn_application'
  passenger (3.0.5) lib/phusion_passenger/abstract_server.rb:357:in `__send__'
  passenger (3.0.5) lib/phusion_passenger/abstract_server.rb:357:in `server_main_loop'
  passenger (3.0.5) lib/phusion_passenger/abstract_server.rb:206:in `start_synchronously'
  passenger (3.0.5) helper-scripts/passenger-spawn-server:99

Rendered /Library/Ruby/Gems/1.8/gems/actionpack-3.0.4/lib/action_dispatch/middleware/templates/rescues/routing_error.erb within rescues/layout (0.8ms)
DEPRECATION WARNING: Object#returning has been deprecated in favor of Object#tap. (called from enable_activerecord at /Users/kbroestl/Sites/RailsPortal/vendor/plugins/will_paginate/lib/will_paginate.rb:39)


Started GET "/books/1" for 127.0.0.1 at Sat Mar 26 12:08:54 -0400 2011

ActionController::RoutingError (No route matches "/books/1"):
  actionpack (3.0.4) lib/action_dispatch/middleware/show_exceptions.rb:53:in `call'
  railties (3.0.4) lib/rails/rack/logger.rb:13:in `call'
  rack (1.2.1) lib/rack/runtime.rb:17:in `call'
  activesupport (3.0.4) lib/active_support/cache/strategy/local_cache.rb:72:in `call'
  rack (1.2.1) lib/rack/lock.rb:11:in `call'
  rack (1.2.1) lib/rack/lock.rb:11:in `synchronize'
  rack (1.2.1) lib/rack/lock.rb:11:in `call'
  actionpack (3.0.4) lib/action_dispatch/middleware/static.rb:30:in `call'
  railties (3.0.4) lib/rails/application.rb:168:in `call'
  railties (3.0.4) lib/rails/application.rb:77:in `send'
  railties (3.0.4) lib/rails/application.rb:77:in `method_missing'
  passenger (3.0.5) lib/phusion_passenger/rack/request_handler.rb:96:in `process_request'
  passenger (3.0.5) lib/phusion_passenger/abstract_request_handler.rb:513:in `accept_and_process_next_request'
  passenger (3.0.5) lib/phusion_passenger/abstract_request_handler.rb:274:in `main_loop'
  passenger (3.0.5) lib/phusion_passenger/rack/application_spawner.rb:205:in `start_request_handler'
  passenger (3.0.5) lib/phusion_passenger/rack/application_spawner.rb:170:in `send'
  passenger (3.0.5) lib/phusion_passenger/rack/application_spawner.rb:170:in `handle_spawn_application'
  passenger (3.0.5) lib/phusion_passenger/utils.rb:479:in `safe_fork'
  passenger (3.0.5) lib/phusion_passenger/rack/application_spawner.rb:165:in `handle_spawn_application'
  passenger (3.0.5) lib/phusion_passenger/abstract_server.rb:357:in `__send__'
  passenger (3.0.5) lib/phusion_passenger/abstract_server.rb:357:in `server_main_loop'
  passenger (3.0.5) lib/phusion_passenger/abstract_server.rb:206:in `start_synchronously'
  passenger (3.0.5) lib/phusion_passenger/abstract_server.rb:180:in `start'
  passenger (3.0.5) lib/phusion_passenger/rack/application_spawner.rb:128:in `start'
  passenger (3.0.5) lib/phusion_passenger/spawn_manager.rb:253:in `spawn_rack_application'
  passenger (3.0.5) lib/phusion_passenger/abstract_server_collection.rb:132:in `lookup_or_add'
  passenger (3.0.5) lib/phusion_passenger/spawn_manager.rb:246:in `spawn_rack_application'
  passenger (3.0.5) lib/phusion_passenger/abstract_server_collection.rb:82:in `synchronize'
  passenger (3.0.5) lib/phusion_passenger/abstract_server_collection.rb:79:in `synchronize'
  passenger (3.0.5) lib/phusion_passenger/spawn_manager.rb:244:in `spawn_rack_application'
  passenger (3.0.5) lib/phusion_passenger/spawn_manager.rb:137:in `spawn_application'
  passenger (3.0.5) lib/phusion_passenger/spawn_manager.rb:275:in `handle_spawn_application'
  passenger (3.0.5) lib/phusion_passenger/abstract_server.rb:357:in `__send__'
  passenger (3.0.5) lib/phusion_passenger/abstract_server.rb:357:in `server_main_loop'
  passenger (3.0.5) lib/phusion_passenger/abstract_server.rb:206:in `start_synchronously'
  passenger (3.0.5) helper-scripts/passenger-spawn-server:99

Rendered /Library/Ruby/Gems/1.8/gems/actionpack-3.0.4/lib/action_dispatch/middleware/templates/rescues/routing_error.erb within rescues/layout (0.8ms)
DEPRECATION WARNING: Object#returning has been deprecated in favor of Object#tap. (called from enable_activerecord at /Users/kbroestl/Sites/RailsPortal/vendor/plugins/will_paginate/lib/will_paginate.rb:39)
DEPRECATION WARNING: Object#returning has been deprecated in favor of Object#tap. (called from enable_activerecord at /Users/kbroestl/Sites/RailsPortal/vendor/plugins/will_paginate/lib/will_paginate.rb:39)


Started GET "/books/1" for 127.0.0.1 at Sat Mar 26 12:10:09 -0400 2011
  Processing by BooksController#show as HTML
  Parameters: {"id"=>"1"}
  [1m[36mSQL (89.0ms)[0m  [1mSHOW TABLES[0m
  [1m[35mBook Load (0.4ms)[0m  SELECT `books`.* FROM `books` WHERE `books`.`id` = 1 LIMIT 1
  [1m[36mAuthorship Load (0.4ms)[0m  [1mSELECT `authorships`.* FROM `authorships` WHERE (`authorships`.book_id = 1)[0m
  [1m[35mAuthor Load (0.4ms)[0m  SELECT `authors`.* FROM `authors` WHERE `authors`.`id` = 183 LIMIT 1
Rendered books/show.haml within layouts/application (130.1ms)
Completed   in 274ms

ActionView::Template::Error (undefined method `author_path' for #<#<Class:0x10397de08>:0x103970208>):
    8:   -elsif a.contributor?
    9:     -@contributors << a
    10:   -else
    11:     %h3= link_to a.author.fullname, author_path(a.author)
    12: 
    13: - if @contributors.length > 0
    14:   #contributors
  app/views/books/show.haml:11:in `_app_views_books_show_haml___957669883_2177580560_0'
  vendor/plugins/will_paginate/lib/will_paginate/finder.rb:168:in `method_missing'
  activerecord (3.0.4) lib/active_record/associations/association_collection.rb:430:in `method_missing_without_paginate'
  activerecord (3.0.4) lib/active_record/associations/association_proxy.rb:216:in `method_missing'
  activerecord (3.0.4) lib/active_record/associations/association_proxy.rb:216:in `each'
  activerecord (3.0.4) lib/active_record/associations/association_proxy.rb:216:in `send'
  activerecord (3.0.4) lib/active_record/associations/association_proxy.rb:216:in `method_missing'
  activerecord (3.0.4) lib/active_record/associations/association_collection.rb:430:in `method_missing_without_paginate'
  vendor/plugins/will_paginate/lib/will_paginate/finder.rb:168:in `method_missing'
  app/views/books/show.haml:3:in `_app_views_books_show_haml___957669883_2177580560_0'
  actionpack (3.0.4) lib/action_view/template.rb:135:in `send'
  actionpack (3.0.4) lib/action_view/template.rb:135:in `render'
  activesupport (3.0.4) lib/active_support/notifications.rb:54:in `instrument'
  actionpack (3.0.4) lib/action_view/template.rb:127:in `render'
  actionpack (3.0.4) lib/action_view/render/rendering.rb:59:in `_render_template'
  activesupport (3.0.4) lib/active_support/notifications.rb:52:in `instrument'
  activesupport (3.0.4) lib/active_support/notifications/instrumenter.rb:21:in `instrument'
  activesupport (3.0.4) lib/active_support/notifications.rb:52:in `instrument'
  actionpack (3.0.4) lib/action_view/render/rendering.rb:56:in `_render_template'
  actionpack (3.0.4) lib/action_view/render/rendering.rb:26:in `render_without_haml'
  haml (3.0.25) lib/haml/helpers/action_view_mods.rb:13:in `render'
  actionpack (3.0.4) lib/abstract_controller/rendering.rb:115:in `_render_template'
  actionpack (3.0.4) lib/abstract_controller/rendering.rb:109:in `render_to_body'
  actionpack (3.0.4) lib/action_controller/metal/renderers.rb:47:in `render_to_body'
  actionpack (3.0.4) lib/action_controller/metal/compatibility.rb:55:in `render_to_body'
  actionpack (3.0.4) lib/abstract_controller/rendering.rb:102:in `render_to_string'
  actionpack (3.0.4) lib/abstract_controller/rendering.rb:93:in `render'
  actionpack (3.0.4) lib/action_controller/metal/rendering.rb:17:in `render'
  actionpack (3.0.4) lib/action_controller/metal/instrumentation.rb:40:in `render'
  activesupport (3.0.4) lib/active_support/core_ext/benchmark.rb:5:in `ms'
  /System/Library/Frameworks/Ruby.framework/Versions/1.8/usr/lib/ruby/1.8/benchmark.rb:308:in `realtime'
  activesupport (3.0.4) lib/active_support/core_ext/benchmark.rb:5:in `ms'
  actionpack (3.0.4) lib/action_controller/metal/instrumentation.rb:40:in `render'
  actionpack (3.0.4) lib/action_controller/metal/instrumentation.rb:78:in `cleanup_view_runtime'
  activerecord (3.0.4) lib/active_record/railties/controller_runtime.rb:15:in `cleanup_view_runtime'
  actionpack (3.0.4) lib/action_controller/metal/instrumentation.rb:39:in `render'
  actionpack (3.0.4) lib/action_controller/metal/implicit_render.rb:10:in `default_render'
  actionpack (3.0.4) lib/action_controller/metal/mime_responds.rb:261:in `retrieve_response_from_mimes'
  actionpack (3.0.4) lib/action_controller/metal/mime_responds.rb:192:in `call'
  actionpack (3.0.4) lib/action_controller/metal/mime_responds.rb:192:in `respond_to'
  app/controllers/books_controller.rb:22:in `show'
  actionpack (3.0.4) lib/action_controller/metal/implicit_render.rb:4:in `send_action'
  actionpack (3.0.4) lib/action_controller/metal/implicit_render.rb:4:in `send_action'
  actionpack (3.0.4) lib/abstract_controller/base.rb:150:in `process_action'
  actionpack (3.0.4) lib/action_controller/metal/rendering.rb:11:in `process_action'
  actionpack (3.0.4) lib/abstract_controller/callbacks.rb:18:in `process_action'
  activesupport (3.0.4) lib/active_support/callbacks.rb:435:in `_run__244799010__process_action__453433196__callbacks'
  activesupport (3.0.4) lib/active_support/callbacks.rb:409:in `send'
  activesupport (3.0.4) lib/active_support/callbacks.rb:409:in `_run_process_action_callbacks'
  activesupport (3.0.4) lib/active_support/callbacks.rb:93:in `send'
  activesupport (3.0.4) lib/active_support/callbacks.rb:93:in `run_callbacks'
  actionpack (3.0.4) lib/abstract_controller/callbacks.rb:17:in `process_action'
  actionpack (3.0.4) lib/action_controller/metal/instrumentation.rb:30:in `process_action'
  activesupport (3.0.4) lib/active_support/notifications.rb:52:in `instrument'
  activesupport (3.0.4) lib/active_support/notifications/instrumenter.rb:21:in `instrument'
  activesupport (3.0.4) lib/active_support/notifications.rb:52:in `instrument'
  actionpack (3.0.4) lib/action_controller/metal/instrumentation.rb:29:in `process_action'
  actionpack (3.0.4) lib/action_controller/metal/rescue.rb:17:in `process_action'
  actionpack (3.0.4) lib/abstract_controller/base.rb:119:in `process'
  actionpack (3.0.4) lib/abstract_controller/rendering.rb:41:in `process'
  actionpack (3.0.4) lib/action_controller/metal.rb:138:in `dispatch'
  actionpack (3.0.4) lib/action_controller/metal/rack_delegation.rb:14:in `dispatch'
  actionpack (3.0.4) lib/action_controller/metal.rb:178:in `action'
  actionpack (3.0.4) lib/action_dispatch/routing/route_set.rb:62:in `call'
  actionpack (3.0.4) lib/action_dispatch/routing/route_set.rb:62:in `dispatch'
  actionpack (3.0.4) lib/action_dispatch/routing/route_set.rb:27:in `call'
  rack-mount (0.6.13) lib/rack/mount/route_set.rb:148:in `call'
  rack-mount (0.6.13) lib/rack/mount/code_generation.rb:93:in `recognize'
  rack-mount (0.6.13) lib/rack/mount/code_generation.rb:82:in `optimized_each'
  rack-mount (0.6.13) lib/rack/mount/code_generation.rb:92:in `recognize'
  rack-mount (0.6.13) lib/rack/mount/route_set.rb:139:in `call'
  actionpack (3.0.4) lib/action_dispatch/routing/route_set.rb:492:in `call'
  haml (3.0.25) lib/sass/plugin/rack.rb:41:in `call'
  actionpack (3.0.4) lib/action_dispatch/middleware/best_standards_support.rb:17:in `call'
  actionpack (3.0.4) lib/action_dispatch/middleware/head.rb:14:in `call'
  rack (1.2.1) lib/rack/methodoverride.rb:24:in `call'
  actionpack (3.0.4) lib/action_dispatch/middleware/params_parser.rb:21:in `call'
  actionpack (3.0.4) lib/action_dispatch/middleware/flash.rb:182:in `call'
  actionpack (3.0.4) lib/action_dispatch/middleware/session/abstract_store.rb:149:in `call'
  actionpack (3.0.4) lib/action_dispatch/middleware/cookies.rb:302:in `call'
  activerecord (3.0.4) lib/active_record/query_cache.rb:32:in `call'
  activerecord (3.0.4) lib/active_record/connection_adapters/abstract/query_cache.rb:28:in `cache'
  activerecord (3.0.4) lib/active_record/query_cache.rb:12:in `cache'
  activerecord (3.0.4) lib/active_record/query_cache.rb:31:in `call'
  activerecord (3.0.4) lib/active_record/connection_adapters/abstract/connection_pool.rb:354:in `call'
  actionpack (3.0.4) lib/action_dispatch/middleware/callbacks.rb:46:in `call'
  activesupport (3.0.4) lib/active_support/callbacks.rb:415:in `_run_call_callbacks'
  actionpack (3.0.4) lib/action_dispatch/middleware/callbacks.rb:44:in `call'
  rack (1.2.1) lib/rack/sendfile.rb:107:in `call'
  actionpack (3.0.4) lib/action_dispatch/middleware/remote_ip.rb:48:in `call'
  actionpack (3.0.4) lib/action_dispatch/middleware/show_exceptions.rb:47:in `call'
  railties (3.0.4) lib/rails/rack/logger.rb:13:in `call'
  rack (1.2.1) lib/rack/runtime.rb:17:in `call'
  activesupport (3.0.4) lib/active_support/cache/strategy/local_cache.rb:72:in `call'
  rack (1.2.1) lib/rack/lock.rb:11:in `call'
  rack (1.2.1) lib/rack/lock.rb:11:in `synchronize'
  rack (1.2.1) lib/rack/lock.rb:11:in `call'
  actionpack (3.0.4) lib/action_dispatch/middleware/static.rb:30:in `call'
  railties (3.0.4) lib/rails/application.rb:168:in `call'
  railties (3.0.4) lib/rails/application.rb:77:in `send'
  railties (3.0.4) lib/rails/application.rb:77:in `method_missing'
  passenger (3.0.5) lib/phusion_passenger/rack/request_handler.rb:96:in `process_request'
  passenger (3.0.5) lib/phusion_passenger/abstract_request_handler.rb:513:in `accept_and_process_next_request'
  passenger (3.0.5) lib/phusion_passenger/abstract_request_handler.rb:274:in `main_loop'
  passenger (3.0.5) lib/phusion_passenger/rack/application_spawner.rb:205:in `start_request_handler'
  passenger (3.0.5) lib/phusion_passenger/rack/application_spawner.rb:170:in `send'
  passenger (3.0.5) lib/phusion_passenger/rack/application_spawner.rb:170:in `handle_spawn_application'
  passenger (3.0.5) lib/phusion_passenger/utils.rb:479:in `safe_fork'
  passenger (3.0.5) lib/phusion_passenger/rack/application_spawner.rb:165:in `handle_spawn_application'
  passenger (3.0.5) lib/phusion_passenger/abstract_server.rb:357:in `__send__'
  passenger (3.0.5) lib/phusion_passenger/abstract_server.rb:357:in `server_main_loop'
  passenger (3.0.5) lib/phusion_passenger/abstract_server.rb:206:in `start_synchronously'
  passenger (3.0.5) lib/phusion_passenger/abstract_server.rb:180:in `start'
  passenger (3.0.5) lib/phusion_passenger/rack/application_spawner.rb:128:in `start'
  passenger (3.0.5) lib/phusion_passenger/spawn_manager.rb:253:in `spawn_rack_application'
  passenger (3.0.5) lib/phusion_passenger/abstract_server_collection.rb:132:in `lookup_or_add'
  passenger (3.0.5) lib/phusion_passenger/spawn_manager.rb:246:in `spawn_rack_application'
  passenger (3.0.5) lib/phusion_passenger/abstract_server_collection.rb:82:in `synchronize'
  passenger (3.0.5) lib/phusion_passenger/abstract_server_collection.rb:79:in `synchronize'
  passenger (3.0.5) lib/phusion_passenger/spawn_manager.rb:244:in `spawn_rack_application'
  passenger (3.0.5) lib/phusion_passenger/spawn_manager.rb:137:in `spawn_application'
  passenger (3.0.5) lib/phusion_passenger/spawn_manager.rb:275:in `handle_spawn_application'
  passenger (3.0.5) lib/phusion_passenger/abstract_server.rb:357:in `__send__'
  passenger (3.0.5) lib/phusion_passenger/abstract_server.rb:357:in `server_main_loop'
  passenger (3.0.5) lib/phusion_passenger/abstract_server.rb:206:in `start_synchronously'
  passenger (3.0.5) helper-scripts/passenger-spawn-server:99

Rendered /Library/Ruby/Gems/1.8/gems/actionpack-3.0.4/lib/action_dispatch/middleware/templates/rescues/_trace.erb (1.1ms)
Rendered /Library/Ruby/Gems/1.8/gems/actionpack-3.0.4/lib/action_dispatch/middleware/templates/rescues/_request_and_response.erb (4.8ms)
Rendered /Library/Ruby/Gems/1.8/gems/actionpack-3.0.4/lib/action_dispatch/middleware/templates/rescues/template_error.erb within rescues/layout (11.3ms)
DEPRECATION WARNING: Object#returning has been deprecated in favor of Object#tap. (called from enable_activerecord at /Users/kbroestl/Sites/RailsPortal/vendor/plugins/will_paginate/lib/will_paginate.rb:39)
DEPRECATION WARNING: Object#returning has been deprecated in favor of Object#tap. (called from enable_activerecord at /Users/kbroestl/Sites/RailsPortal/vendor/plugins/will_paginate/lib/will_paginate.rb:39)


Started GET "/books/1" for 127.0.0.1 at Sat Mar 26 12:10:50 -0400 2011
  Processing by BooksController#show as HTML
  Parameters: {"id"=>"1"}
  [1m[36mSQL (0.6ms)[0m  [1mSHOW TABLES[0m
  [1m[35mBook Load (0.3ms)[0m  SELECT `books`.* FROM `books` WHERE `books`.`id` = 1 LIMIT 1
  [1m[36mAuthorship Load (0.5ms)[0m  [1mSELECT `authorships`.* FROM `authorships` WHERE (`authorships`.book_id = 1)[0m
  [1m[35mAuthor Load (0.2ms)[0m  SELECT `authors`.* FROM `authors` WHERE `authors`.`id` = 183 LIMIT 1
  [1m[36mLocation Load (0.2ms)[0m  [1mSELECT `locations`.* FROM `locations` WHERE `locations`.`id` = 11 LIMIT 1[0m
  [1m[35mLanguage Load (0.2ms)[0m  SELECT `languages`.* FROM `languages` WHERE `languages`.`id` = 4 LIMIT 1
  [1m[36mReading Load (0.4ms)[0m  [1mSELECT `readings`.* FROM `readings` WHERE (`readings`.book_id = 1)[0m
Rendered readings/_show.haml (9.4ms)
Rendered books/show.haml within layouts/application (222.9ms)
Completed 200 OK in 295ms (Views: 235.9ms | ActiveRecord: 2.5ms)


Started GET "/authors/183" for 127.0.0.1 at Sat Mar 26 12:10:59 -0400 2011
  Processing by AuthorsController#show as HTML
  Parameters: {"id"=>"183"}
  [1m[35mAuthor Load (46.0ms)[0m  SELECT `authors`.* FROM `authors` WHERE `authors`.`id` = 183 LIMIT 1
  [1m[36mBook Load (0.5ms)[0m  [1mSELECT `books`.* FROM `books` INNER JOIN `authorships` ON `books`.id = `authorships`.book_id WHERE ((`authorships`.author_id = 183))[0m
Rendered authors/show.haml within layouts/application (110.9ms)
Completed 200 OK in 180ms (Views: 122.9ms | ActiveRecord: 46.5ms)


Started GET "/books/1" for 127.0.0.1 at Sat Mar 26 12:11:02 -0400 2011
  Processing by BooksController#show as HTML
  Parameters: {"id"=>"1"}
  [1m[35mBook Load (0.3ms)[0m  SELECT `books`.* FROM `books` WHERE `books`.`id` = 1 LIMIT 1
  [1m[36mAuthorship Load (0.4ms)[0m  [1mSELECT `authorships`.* FROM `authorships` WHERE (`authorships`.book_id = 1)[0m
  [1m[35mAuthor Load (0.9ms)[0m  SELECT `authors`.* FROM `authors` WHERE `authors`.`id` = 183 LIMIT 1
  [1m[36mLocation Load (0.3ms)[0m  [1mSELECT `locations`.* FROM `locations` WHERE `locations`.`id` = 11 LIMIT 1[0m
  [1m[35mLanguage Load (0.2ms)[0m  SELECT `languages`.* FROM `languages` WHERE `languages`.`id` = 4 LIMIT 1
  [1m[36mReading Load (0.4ms)[0m  [1mSELECT `readings`.* FROM `readings` WHERE (`readings`.book_id = 1)[0m
Rendered readings/_show.haml (10.2ms)
Rendered books/show.haml within layouts/application (173.3ms)
Completed 200 OK in 201ms (Views: 182.7ms | ActiveRecord: 2.4ms)
DEPRECATION WARNING: Object#returning has been deprecated in favor of Object#tap. (called from enable_activerecord at /Users/kbroestl/Sites/RailsPortal/vendor/plugins/will_paginate/lib/will_paginate.rb:39)
DEPRECATION WARNING: Object#returning has been deprecated in favor of Object#tap. (called from enable_activerecord at /Users/kbroestl/Sites/RailsPortal/vendor/plugins/will_paginate/lib/will_paginate.rb:39)
  [1m[36mSQL (0.6ms)[0m  [1mSHOW TABLES[0m
  [1m[35mBook Load (0.9ms)[0m  SELECT `books`.* FROM `books` WHERE `books`.`location_id` = 7 LIMIT 1
  [1m[36mBook Load (1.1ms)[0m  [1mSELECT `books`.* FROM `books` WHERE `books`.`location_id` = 7[0m
